
2022-07-13 11:33:48...installerHook: Could not find custom/install/install_hooks.php
2022-07-13 11:33:54...installerHook: Could not find custom/install/install_hooks.php
2022-07-13 11:37:35...installerHook: Could not find custom/install/install_hooks.php
2022-07-13 11:37:43...Begin System Check Process *************
2022-07-13 11:37:43...XML Parsing Support Found
2022-07-13 11:37:43...MBString Support Found
2022-07-13 11:37:43...ZIP Support Found
2022-07-13 11:37:43.../custom directory and subdirectory check passed
2022-07-13 11:37:43...cache directory and subdirectory check passed
2022-07-13 11:37:44.../module  directory and subdirectory check passed
2022-07-13 11:37:44.../upload directory check passed
2022-07-13 11:37:44.../zip check passed
2022-07-13 11:37:44.../BCMATH check passed
2022-07-13 11:37:44...Testing .htaccess redirects
2022-07-13 11:37:44...Passed .htaccess redirects check
2022-07-13 11:37:44...installerHook: Could not find custom/install/install_hooks.php
2022-07-13 11:37:44...php.ini location found. /opt/phpbrew/php/php-7.4.20/etc/php.ini
2022-07-13 11:37:44...Outputting HTML for System check
2022-07-13 11:37:44...No Errors were found *************
2022-07-13 11:37:46...installerHook: Could not find custom/install/install_hooks.php
2022-07-13 11:38:10...installerHook: Could not find custom/install/install_hooks.php
2022-07-13 11:38:13...installerHook: Could not find custom/install/install_hooks.php
2022-07-13 11:38:23...Begin DB Check Process *************
2022-07-13 11:38:23...testing with mysql:mysqli
2022-07-13 11:38:23...Basic form info is valid, continuing Process.
2022-07-13 11:38:23...ERROR:: Provide a database administrator user name.  The user is required for the initial connection to the database.
2022-07-13 11:38:23...Begining to check FTS Settings.
2022-07-13 11:38:23...FTS connection results: 1
2022-07-13 11:38:23...End DB Check Process *************
2022-07-13 11:38:23...FATAL:: errors have been detected!  User will not be allowed to continue.  Errors are as follow:
2022-07-13 11:38:23..... Provide a database administrator user name.  The user is required for the initial connection to the database.
2022-07-13 11:39:08...Begin DB Check Process *************
2022-07-13 11:39:08...testing with mysql:mysqli
2022-07-13 11:39:08...Basic form info is valid, continuing Process.
2022-07-13 11:39:08...Testing user account...
2022-07-13 11:39:08...ERROR::  The provided database host, username, and/or password is invalid, and a connection to the database could not be established.  Please enter a valid host, username and password
2022-07-13 11:39:08...Testing priviliged account...
2022-07-13 11:39:08...ERROR::  The provided database host, username, and/or password is invalid, and a connection to the database could not be established.  Please enter a valid host, username and password
2022-07-13 11:39:08...Begining to check FTS Settings.
2022-07-13 11:39:08...FTS connection results: 1
2022-07-13 11:39:08...End DB Check Process *************
2022-07-13 11:39:08...FATAL:: errors have been detected!  User will not be allowed to continue.  Errors are as follow:
2022-07-13 11:39:08..... The provided database host, username, and/or password is invalid, and a connection to the database could not be established.  Please enter a valid host, username and password
2022-07-13 11:39:24...Begin DB Check Process *************
2022-07-13 11:39:24...testing with mysql:mysqli
2022-07-13 11:39:24...Basic form info is valid, continuing Process.
2022-07-13 11:39:24...Testing user account...
2022-07-13 11:39:24...Connection made using  host: localhost, usr: root
2022-07-13 11:39:24...Testing priviliged account...
2022-07-13 11:39:24...Connection made using  host: localhost, usr: root
2022-07-13 11:39:24...DB not selected, will create sugarcrm
2022-07-13 11:39:24...Passed DB install check
2022-07-13 11:39:24...Begining to check FTS Settings.
2022-07-13 11:39:24...FTS connection results: 1
2022-07-13 11:39:24...End DB Check Process *************
2022-07-13 11:39:24...SUCCESS:: no errors detected!
2022-07-13 11:39:24...installerHook: Could not find custom/install/install_hooks.php
2022-07-13 11:40:23...installerHook: Could not find custom/install/install_hooks.php
2022-07-13 11:42:03...installerHook: Could not find custom/install/install_hooks.php
2022-07-13 11:42:03...calling handleSugarConfig()
2022-07-13 11:42:03...calling handleHtaccess()
2022-07-13 11:42:03...calling handleDbCreateDatabase()
2022-07-13 11:42:03...looping through all the Beans and create their tables
2022-07-13 11:42:03...processing table acl_actions
2022-07-13 11:42:03...creating table acl_actions
2022-07-13 11:42:03...creating Relationship Meta for ACLAction
2022-07-13 11:42:03...processing table acl_roles
2022-07-13 11:42:03...creating table acl_roles
2022-07-13 11:42:03...creating Relationship Meta for ACLRole
2022-07-13 11:42:03...processing table relationships
2022-07-13 11:42:03...processing table acl_role_sets
2022-07-13 11:42:03...creating table acl_role_sets
2022-07-13 11:42:03...creating Relationship Meta for ACLRoleSet
2022-07-13 11:42:03...processing table leads
2022-07-13 11:42:03...creating table leads
2022-07-13 11:42:03...creating Relationship Meta for Lead
2022-07-13 11:42:03...processing table cases
2022-07-13 11:42:03...creating table cases
2022-07-13 11:42:03...creating Relationship Meta for Case
2022-07-13 11:42:03...processing table bugs
2022-07-13 11:42:03...creating table bugs
2022-07-13 11:42:03...creating Relationship Meta for Bug
2022-07-13 11:42:03...processing table campaign_log
2022-07-13 11:42:03...creating table campaign_log
2022-07-13 11:42:03...creating Relationship Meta for CampaignLog
2022-07-13 11:42:03...processing table project
2022-07-13 11:42:03...creating table project
2022-07-13 11:42:03...creating Relationship Meta for Project
2022-07-13 11:42:03...processing table project_task
2022-07-13 11:42:03...creating table project_task
2022-07-13 11:42:03...creating Relationship Meta for ProjectTask
2022-07-13 11:42:03...processing table campaigns
2022-07-13 11:42:04...creating table campaigns
2022-07-13 11:42:04...creating Relationship Meta for Campaign
2022-07-13 11:42:04...processing table prospect_lists
2022-07-13 11:42:04...creating table prospect_lists
2022-07-13 11:42:04...creating Relationship Meta for ProspectList
2022-07-13 11:42:04...processing table prospects
2022-07-13 11:42:04...creating table prospects
2022-07-13 11:42:04...creating Relationship Meta for Prospect
2022-07-13 11:42:04...processing table email_marketing
2022-07-13 11:42:04...creating table email_marketing
2022-07-13 11:42:04...creating Relationship Meta for EmailMarketing
2022-07-13 11:42:04...processing table campaign_trkrs
2022-07-13 11:42:04...creating table campaign_trkrs
2022-07-13 11:42:04...creating Relationship Meta for CampaignTracker
2022-07-13 11:42:04...processing table releases
2022-07-13 11:42:04...creating table releases
2022-07-13 11:42:04...creating Relationship Meta for Release
2022-07-13 11:42:04...processing table emailman
2022-07-13 11:42:04...creating table emailman
2022-07-13 11:42:04...creating Relationship Meta for EmailMan
2022-07-13 11:42:04...processing table schedulers
2022-07-13 11:42:04...creating table schedulers
2022-07-13 11:42:04...creating Relationship Meta for Scheduler
2022-07-13 11:42:04...processing table job_queue
2022-07-13 11:42:04...creating table job_queue
2022-07-13 11:42:04...creating Relationship Meta for SchedulersJob
2022-07-13 11:42:04...processing table contacts
2022-07-13 11:42:04...creating table contacts
2022-07-13 11:42:04...creating Relationship Meta for Contact
2022-07-13 11:42:04...processing table accounts
2022-07-13 11:42:04...creating table accounts
2022-07-13 11:42:04...creating Relationship Meta for Account
2022-07-13 11:42:04...processing table opportunities
2022-07-13 11:42:04...creating table opportunities
2022-07-13 11:42:04...creating Relationship Meta for Opportunity
2022-07-13 11:42:04...processing table email_templates
2022-07-13 11:42:04...creating table email_templates
2022-07-13 11:42:04...creating Relationship Meta for EmailTemplate
2022-07-13 11:42:04...processing table users_signatures
2022-07-13 11:42:04...creating table users_signatures
2022-07-13 11:42:04...creating Relationship Meta for UserSignature
2022-07-13 11:42:04...processing table notes
2022-07-13 11:42:04...creating table notes
2022-07-13 11:42:04...creating Relationship Meta for Note
2022-07-13 11:42:04...processing table calls
2022-07-13 11:42:04...creating table calls
2022-07-13 11:42:04...creating Relationship Meta for Call
2022-07-13 11:42:04...processing table emails
2022-07-13 11:42:04...creating table emails
2022-07-13 11:42:04...creating Relationship Meta for Email
2022-07-13 11:42:04...processing table meetings
2022-07-13 11:42:04...creating table meetings
2022-07-13 11:42:04...creating Relationship Meta for Meeting
2022-07-13 11:42:04...processing table tasks
2022-07-13 11:42:04...creating table tasks
2022-07-13 11:42:04...creating Relationship Meta for Task
2022-07-13 11:42:04...processing table users
2022-07-13 11:42:04...creating table users
2022-07-13 11:42:04...creating Relationship Meta for User
2022-07-13 11:42:04...processing table users
2022-07-13 11:42:04...processing table currencies
2022-07-13 11:42:04...creating table currencies
2022-07-13 11:42:04...creating Relationship Meta for Currency
2022-07-13 11:42:04...processing table tracker
2022-07-13 11:42:05...creating table tracker
2022-07-13 11:42:05...creating Relationship Meta for Tracker
2022-07-13 11:42:05...processing table tracker_perf
2022-07-13 11:42:05...creating table tracker_perf
2022-07-13 11:42:05...creating Relationship Meta for tracker_perf
2022-07-13 11:42:05...processing table tracker_sessions
2022-07-13 11:42:05...creating table tracker_sessions
2022-07-13 11:42:05...creating Relationship Meta for tracker_sessions
2022-07-13 11:42:05...processing table tracker_queries
2022-07-13 11:42:05...creating table tracker_queries
2022-07-13 11:42:05...creating Relationship Meta for tracker_queries
2022-07-13 11:42:05...processing table import_maps
2022-07-13 11:42:05...creating table import_maps
2022-07-13 11:42:05...creating Relationship Meta for ImportMap
2022-07-13 11:42:05...processing table users_last_import
2022-07-13 11:42:05...creating table users_last_import
2022-07-13 11:42:05...creating Relationship Meta for UsersLastImport
2022-07-13 11:42:05...processing table config
2022-07-13 11:42:05...creating table config
2022-07-13 11:42:05...creating Relationship Meta for Administration
2022-07-13 11:42:05...processing table upgrade_history
2022-07-13 11:42:05...creating table upgrade_history
2022-07-13 11:42:05...creating Relationship Meta for UpgradeHistory
2022-07-13 11:42:05...processing table vcals
2022-07-13 11:42:05...creating table vcals
2022-07-13 11:42:05...creating Relationship Meta for vCal
2022-07-13 11:42:05...processing table calendar
2022-07-13 11:42:05...creating table calendar
2022-07-13 11:42:05...creating Relationship Meta for Calendar
2022-07-13 11:42:05...processing table versions
2022-07-13 11:42:05...creating table versions
2022-07-13 11:42:05...creating Relationship Meta for Version
2022-07-13 11:42:05...processing table roles
2022-07-13 11:42:05...creating table roles
2022-07-13 11:42:05...creating Relationship Meta for Role
2022-07-13 11:42:05...processing table documents
2022-07-13 11:42:05...creating table documents
2022-07-13 11:42:05...creating Relationship Meta for Document
2022-07-13 11:42:05...processing table document_revisions
2022-07-13 11:42:05...creating table document_revisions
2022-07-13 11:42:05...creating Relationship Meta for DocumentRevision
2022-07-13 11:42:05...processing table fields_meta_data
2022-07-13 11:42:05...creating table fields_meta_data
2022-07-13 11:42:05...creating Relationship Meta for FieldsMetaData
2022-07-13 11:42:05...processing table inbound_email
2022-07-13 11:42:05...creating table inbound_email
2022-07-13 11:42:05...creating Relationship Meta for InboundEmail
2022-07-13 11:42:05...processing table saved_search
2022-07-13 11:42:05...creating table saved_search
2022-07-13 11:42:05...creating Relationship Meta for SavedSearch
2022-07-13 11:42:05...processing table user_preferences
2022-07-13 11:42:05...creating table user_preferences
2022-07-13 11:42:05...creating Relationship Meta for UserPreference
2022-07-13 11:42:05...processing table email_addresses
2022-07-13 11:42:05...creating table email_addresses
2022-07-13 11:42:05...creating Relationship Meta for EmailAddress
2022-07-13 11:42:05...processing table emails_text
2022-07-13 11:42:05...creating table emails_text
2022-07-13 11:42:05...creating Relationship Meta for EmailText
2022-07-13 11:42:05...processing table saved_reports
2022-07-13 11:42:05...creating table saved_reports
2022-07-13 11:42:05...creating Relationship Meta for SavedReport
2022-07-13 11:42:05...processing table acl_fields
2022-07-13 11:42:05...creating table acl_fields
2022-07-13 11:42:05...creating Relationship Meta for ACLField
2022-07-13 11:42:05...processing table contracts
2022-07-13 11:42:05...creating table contracts
2022-07-13 11:42:05...creating Relationship Meta for Contract
2022-07-13 11:42:05...processing table teams
2022-07-13 11:42:05...creating table teams
2022-07-13 11:42:05...creating Relationship Meta for Team
2022-07-13 11:42:05...processing table team_memberships
2022-07-13 11:42:05...creating table team_memberships
2022-07-13 11:42:05...creating Relationship Meta for TeamMembership
2022-07-13 11:42:05...processing table team_sets
2022-07-13 11:42:05...creating table team_sets
2022-07-13 11:42:05...creating Relationship Meta for TeamSet
2022-07-13 11:42:05...processing table team_sets_modules
2022-07-13 11:42:05...creating table team_sets_modules
2022-07-13 11:42:05...creating Relationship Meta for TeamSetModule
2022-07-13 11:42:05...processing table team_notices
2022-07-13 11:42:05...creating table team_notices
2022-07-13 11:42:05...creating Relationship Meta for TeamNotices
2022-07-13 11:42:05...processing table product_templates
2022-07-13 11:42:05...creating table product_templates
2022-07-13 11:42:05...creating Relationship Meta for ProductTemplate
2022-07-13 11:42:05...processing table product_types
2022-07-13 11:42:05...creating table product_types
2022-07-13 11:42:05...creating Relationship Meta for ProductType
2022-07-13 11:42:05...processing table product_categories
2022-07-13 11:42:05...creating table product_categories
2022-07-13 11:42:05...creating Relationship Meta for ProductCategory
2022-07-13 11:42:05...processing table manufacturers
2022-07-13 11:42:05...creating table manufacturers
2022-07-13 11:42:05...creating Relationship Meta for Manufacturer
2022-07-13 11:42:05...processing table quotes
2022-07-13 11:42:05...creating table quotes
2022-07-13 11:42:05...creating Relationship Meta for Quote
2022-07-13 11:42:05...processing table product_bundle_notes
2022-07-13 11:42:05...creating table product_bundle_notes
2022-07-13 11:42:05...creating Relationship Meta for ProductBundleNote
2022-07-13 11:42:05...processing table products
2022-07-13 11:42:05...creating table products
2022-07-13 11:42:05...creating Relationship Meta for Product
2022-07-13 11:42:05...processing table product_bundles
2022-07-13 11:42:05...creating table product_bundles
2022-07-13 11:42:05...creating Relationship Meta for ProductBundle
2022-07-13 11:42:05...processing table revenue_line_items
2022-07-13 11:42:05...creating table revenue_line_items
2022-07-13 11:42:05...creating Relationship Meta for RevenueLineItem
2022-07-13 11:42:05...processing table shippers
2022-07-13 11:42:05...creating table shippers
2022-07-13 11:42:05...creating Relationship Meta for Shipper
2022-07-13 11:42:05...processing table taxrates
2022-07-13 11:42:06...creating table taxrates
2022-07-13 11:42:06...creating Relationship Meta for TaxRate
2022-07-13 11:42:06...processing table timeperiods
2022-07-13 11:42:06...creating table timeperiods
2022-07-13 11:42:06...creating Relationship Meta for TimePeriod
2022-07-13 11:42:06...processing table timeperiods
2022-07-13 11:42:06...processing table timeperiods
2022-07-13 11:42:06...processing table timeperiods
2022-07-13 11:42:06...processing table timeperiods
2022-07-13 11:42:06...processing table timeperiods
2022-07-13 11:42:06...processing table timeperiods
2022-07-13 11:42:06...processing table forecasts
2022-07-13 11:42:06...creating table forecasts
2022-07-13 11:42:06...creating Relationship Meta for Forecast
2022-07-13 11:42:06...processing table forecast_worksheets
2022-07-13 11:42:06...creating table forecast_worksheets
2022-07-13 11:42:06...creating Relationship Meta for ForecastWorksheet
2022-07-13 11:42:06...processing table forecast_manager_worksheets
2022-07-13 11:42:06...creating table forecast_manager_worksheets
2022-07-13 11:42:06...creating Relationship Meta for ForecastManagerWorksheet
2022-07-13 11:42:06...processing table opportunities
2022-07-13 11:42:06...processing table users
2022-07-13 11:42:06...processing table quotas
2022-07-13 11:42:06...creating table quotas
2022-07-13 11:42:06...creating Relationship Meta for Quota
2022-07-13 11:42:06...processing table workflow
2022-07-13 11:42:06...creating table workflow
2022-07-13 11:42:06...creating Relationship Meta for WorkFlow
2022-07-13 11:42:06...processing table workflow_triggershells
2022-07-13 11:42:06...creating table workflow_triggershells
2022-07-13 11:42:06...creating Relationship Meta for WorkFlowTriggerShell
2022-07-13 11:42:06...processing table workflow_alertshells
2022-07-13 11:42:06...creating table workflow_alertshells
2022-07-13 11:42:06...creating Relationship Meta for WorkFlowAlertShell
2022-07-13 11:42:06...processing table workflow_alerts
2022-07-13 11:42:06...creating table workflow_alerts
2022-07-13 11:42:06...creating Relationship Meta for WorkFlowAlert
2022-07-13 11:42:06...processing table workflow_actionshells
2022-07-13 11:42:06...creating table workflow_actionshells
2022-07-13 11:42:06...creating Relationship Meta for WorkFlowActionShell
2022-07-13 11:42:06...processing table workflow_actions
2022-07-13 11:42:06...creating table workflow_actions
2022-07-13 11:42:06...creating Relationship Meta for WorkFlowAction
2022-07-13 11:42:06...processing table expressions
2022-07-13 11:42:06...creating table expressions
2022-07-13 11:42:06...creating Relationship Meta for Expression
2022-07-13 11:42:06...processing table session_active
2022-07-13 11:42:06...creating table session_active
2022-07-13 11:42:06...creating Relationship Meta for SessionManager
2022-07-13 11:42:06...processing table contract_types
2022-07-13 11:42:06...creating table contract_types
2022-07-13 11:42:06...creating Relationship Meta for ContractType
2022-07-13 11:42:06...processing table holidays
2022-07-13 11:42:06...creating table holidays
2022-07-13 11:42:06...creating Relationship Meta for Holiday
2022-07-13 11:42:06...processing table docusign_envelopes
2022-07-13 11:42:06...creating table docusign_envelopes
2022-07-13 11:42:06...creating Relationship Meta for DocuSignEnvelope
2022-07-13 11:42:06...processing table custom_queries
2022-07-13 11:42:06...creating table custom_queries
2022-07-13 11:42:06...creating Relationship Meta for CustomQuery
2022-07-13 11:42:06...processing table data_sets
2022-07-13 11:42:06...creating table data_sets
2022-07-13 11:42:06...creating Relationship Meta for DataSet
2022-07-13 11:42:06...processing table dataset_attributes
2022-07-13 11:42:06...creating table dataset_attributes
2022-07-13 11:42:06...creating Relationship Meta for DataSet_Attribute
2022-07-13 11:42:06...processing table dataset_layouts
2022-07-13 11:42:06...creating table dataset_layouts
2022-07-13 11:42:06...creating Relationship Meta for DataSet_Layout
2022-07-13 11:42:06...processing table report_maker
2022-07-13 11:42:06...creating table report_maker
2022-07-13 11:42:06...creating Relationship Meta for ReportMaker
2022-07-13 11:42:06...processing table pmse_project
2022-07-13 11:42:06...creating table pmse_project
2022-07-13 11:42:06...creating Relationship Meta for pmse_Project
2022-07-13 11:42:06...processing table pmse_inbox
2022-07-13 11:42:06...creating table pmse_inbox
2022-07-13 11:42:06...creating Relationship Meta for pmse_Inbox
2022-07-13 11:42:06...processing table pmse_business_rules
2022-07-13 11:42:06...creating table pmse_business_rules
2022-07-13 11:42:06...creating Relationship Meta for pmse_Business_Rules
2022-07-13 11:42:06...processing table pmse_emails_templates
2022-07-13 11:42:06...creating table pmse_emails_templates
2022-07-13 11:42:06...creating Relationship Meta for pmse_Emails_Templates
2022-07-13 11:42:06...processing table pmse_bpmn_activity
2022-07-13 11:42:06...creating table pmse_bpmn_activity
2022-07-13 11:42:06...creating Relationship Meta for pmse_BpmnActivity
2022-07-13 11:42:06...processing table pmse_bpmn_artifact
2022-07-13 11:42:06...creating table pmse_bpmn_artifact
2022-07-13 11:42:06...creating Relationship Meta for pmse_BpmnArtifact
2022-07-13 11:42:06...processing table pmse_bpmn_bound
2022-07-13 11:42:06...creating table pmse_bpmn_bound
2022-07-13 11:42:06...creating Relationship Meta for pmse_BpmnBound
2022-07-13 11:42:06...processing table pmse_bpmn_data
2022-07-13 11:42:06...creating table pmse_bpmn_data
2022-07-13 11:42:06...creating Relationship Meta for pmse_BpmnData
2022-07-13 11:42:06...processing table pmse_bpmn_diagram
2022-07-13 11:42:06...creating table pmse_bpmn_diagram
2022-07-13 11:42:06...creating Relationship Meta for pmse_BpmnDiagram
2022-07-13 11:42:06...processing table pmse_bpmn_documentation
2022-07-13 11:42:06...creating table pmse_bpmn_documentation
2022-07-13 11:42:06...creating Relationship Meta for pmse_BpmnDocumentation
2022-07-13 11:42:06...processing table pmse_bpmn_event
2022-07-13 11:42:06...creating table pmse_bpmn_event
2022-07-13 11:42:06...creating Relationship Meta for pmse_BpmnEvent
2022-07-13 11:42:06...processing table pmse_bpmn_extension
2022-07-13 11:42:06...creating table pmse_bpmn_extension
2022-07-13 11:42:06...creating Relationship Meta for pmse_BpmnExtension
2022-07-13 11:42:06...processing table pmse_bpmn_flow
2022-07-13 11:42:06...creating table pmse_bpmn_flow
2022-07-13 11:42:06...creating Relationship Meta for pmse_BpmnFlow
2022-07-13 11:42:06...processing table pmse_bpmn_gateway
2022-07-13 11:42:06...creating table pmse_bpmn_gateway
2022-07-13 11:42:06...creating Relationship Meta for pmse_BpmnGateway
2022-07-13 11:42:06...processing table pmse_bpmn_lane
2022-07-13 11:42:06...creating table pmse_bpmn_lane
2022-07-13 11:42:06...creating Relationship Meta for pmse_BpmnLane
2022-07-13 11:42:06...processing table pmse_bpmn_laneset
2022-07-13 11:42:06...creating table pmse_bpmn_laneset
2022-07-13 11:42:06...creating Relationship Meta for pmse_BpmnLaneset
2022-07-13 11:42:06...processing table pmse_bpmn_participant
2022-07-13 11:42:06...creating table pmse_bpmn_participant
2022-07-13 11:42:06...creating Relationship Meta for pmse_BpmnParticipant
2022-07-13 11:42:06...processing table pmse_bpmn_process
2022-07-13 11:42:06...creating table pmse_bpmn_process
2022-07-13 11:42:06...creating Relationship Meta for pmse_BpmnProcess
2022-07-13 11:42:06...processing table pmse_bpm_flow
2022-07-13 11:42:06...creating table pmse_bpm_flow
2022-07-13 11:42:06...creating Relationship Meta for pmse_BpmFlow
2022-07-13 11:42:06...processing table pmse_bpm_thread
2022-07-13 11:42:07...creating table pmse_bpm_thread
2022-07-13 11:42:07...creating Relationship Meta for pmse_BpmThread
2022-07-13 11:42:07...processing table pmse_bpm_notes
2022-07-13 11:42:07...creating table pmse_bpm_notes
2022-07-13 11:42:07...creating Relationship Meta for pmse_BpmNotes
2022-07-13 11:42:07...processing table pmse_bpm_related_dependency
2022-07-13 11:42:07...creating table pmse_bpm_related_dependency
2022-07-13 11:42:07...creating Relationship Meta for pmse_BpmRelatedDependency
2022-07-13 11:42:07...processing table pmse_bpm_activity_user
2022-07-13 11:42:07...creating table pmse_bpm_activity_user
2022-07-13 11:42:07...creating Relationship Meta for pmse_BpmActivityUser
2022-07-13 11:42:07...processing table pmse_bpm_event_definition
2022-07-13 11:42:07...creating table pmse_bpm_event_definition
2022-07-13 11:42:07...creating Relationship Meta for pmse_BpmEventDefinition
2022-07-13 11:42:07...processing table pmse_bpm_gateway_definition
2022-07-13 11:42:07...creating table pmse_bpm_gateway_definition
2022-07-13 11:42:07...creating Relationship Meta for pmse_BpmGatewayDefinition
2022-07-13 11:42:07...processing table pmse_bpm_activity_definition
2022-07-13 11:42:07...creating table pmse_bpm_activity_definition
2022-07-13 11:42:07...creating Relationship Meta for pmse_BpmActivityDefinition
2022-07-13 11:42:07...processing table pmse_bpm_activity_step
2022-07-13 11:42:07...creating table pmse_bpm_activity_step
2022-07-13 11:42:07...creating Relationship Meta for pmse_BpmActivityStep
2022-07-13 11:42:07...processing table pmse_bpm_form_action
2022-07-13 11:42:07...creating table pmse_bpm_form_action
2022-07-13 11:42:07...creating Relationship Meta for pmse_BpmFormAction
2022-07-13 11:42:07...processing table pmse_bpm_dynamic_forms
2022-07-13 11:42:07...creating table pmse_bpm_dynamic_forms
2022-07-13 11:42:07...creating Relationship Meta for pmse_BpmDynaForm
2022-07-13 11:42:07...processing table pmse_bpm_process_definition
2022-07-13 11:42:07...creating table pmse_bpm_process_definition
2022-07-13 11:42:07...creating Relationship Meta for pmse_BpmProcessDefinition
2022-07-13 11:42:07...processing table pmse_bpm_config
2022-07-13 11:42:07...creating table pmse_bpm_config
2022-07-13 11:42:07...creating Relationship Meta for pmse_BpmConfig
2022-07-13 11:42:07...processing table pmse_bpm_group
2022-07-13 11:42:07...creating table pmse_bpm_group
2022-07-13 11:42:07...creating Relationship Meta for pmse_BpmGroup
2022-07-13 11:42:07...processing table pmse_bpm_group_user
2022-07-13 11:42:07...creating table pmse_bpm_group_user
2022-07-13 11:42:07...creating Relationship Meta for pmse_BpmGroupUser
2022-07-13 11:42:07...processing table pmse_email_message
2022-07-13 11:42:07...creating table pmse_email_message
2022-07-13 11:42:07...creating Relationship Meta for pmse_EmailMessage
2022-07-13 11:42:07...processing table business_centers
2022-07-13 11:42:07...creating table business_centers
2022-07-13 11:42:07...creating Relationship Meta for BusinessCenter
2022-07-13 11:42:07...processing table shifts
2022-07-13 11:42:07...creating table shifts
2022-07-13 11:42:07...creating Relationship Meta for Shift
2022-07-13 11:42:07...processing table shift_exceptions
2022-07-13 11:42:07...creating table shift_exceptions
2022-07-13 11:42:07...creating Relationship Meta for ShiftException
2022-07-13 11:42:07...processing table changetimers
2022-07-13 11:42:07...creating table changetimers
2022-07-13 11:42:07...creating Relationship Meta for ChangeTimer
2022-07-13 11:42:07...processing table messages
2022-07-13 11:42:07...creating table messages
2022-07-13 11:42:07...creating Relationship Meta for Message
2022-07-13 11:42:07...processing table mobile_devices
2022-07-13 11:42:07...creating table mobile_devices
2022-07-13 11:42:07...creating Relationship Meta for MobileDevice
2022-07-13 11:42:07...processing table purchases
2022-07-13 11:42:07...creating table purchases
2022-07-13 11:42:07...creating Relationship Meta for Purchase
2022-07-13 11:42:07...processing table purchased_line_items
2022-07-13 11:42:07...creating table purchased_line_items
2022-07-13 11:42:07...creating Relationship Meta for PurchasedLineItem
2022-07-13 11:42:07...processing table push_notifications
2022-07-13 11:42:07...creating table push_notifications
2022-07-13 11:42:07...creating Relationship Meta for PushNotification
2022-07-13 11:42:07...processing table 
2022-07-13 11:42:07...processing table styleguide
2022-07-13 11:42:07...creating table styleguide
2022-07-13 11:42:07...creating Relationship Meta for Styleguide
2022-07-13 11:42:07...processing table outbound_email
2022-07-13 11:42:07...creating table outbound_email
2022-07-13 11:42:07...creating Relationship Meta for OutboundEmail
2022-07-13 11:42:07...processing table emails_email_addr_rel
2022-07-13 11:42:07...creating table emails_email_addr_rel
2022-07-13 11:42:07...creating Relationship Meta for EmailParticipant
2022-07-13 11:42:07...processing table data_privacy
2022-07-13 11:42:07...creating table data_privacy
2022-07-13 11:42:07...creating Relationship Meta for DataPrivacy
2022-07-13 11:42:07...processing table report_schedules
2022-07-13 11:42:07...creating table report_schedules
2022-07-13 11:42:07...creating Relationship Meta for ReportSchedule
2022-07-13 11:42:07...processing table notifications
2022-07-13 11:42:07...creating table notifications
2022-07-13 11:42:07...creating Relationship Meta for Notifications
2022-07-13 11:42:07...processing table eapm
2022-07-13 11:42:08...creating table eapm
2022-07-13 11:42:08...creating Relationship Meta for EAPM
2022-07-13 11:42:08...processing table oauth_consumer
2022-07-13 11:42:08...creating table oauth_consumer
2022-07-13 11:42:08...creating Relationship Meta for OAuthKey
2022-07-13 11:42:08...processing table oauth_tokens
2022-07-13 11:42:08...creating table oauth_tokens
2022-07-13 11:42:08...creating Relationship Meta for OAuthToken
2022-07-13 11:42:08...processing table sugarfavorites
2022-07-13 11:42:08...creating table sugarfavorites
2022-07-13 11:42:08...creating Relationship Meta for SugarFavorites
2022-07-13 11:42:08...processing table weblogichooks
2022-07-13 11:42:08...creating table weblogichooks
2022-07-13 11:42:08...creating Relationship Meta for WebLogicHook
2022-07-13 11:42:08...processing table activities
2022-07-13 11:42:08...creating table activities
2022-07-13 11:42:08...creating Relationship Meta for Activity
2022-07-13 11:42:08...processing table comments
2022-07-13 11:42:08...creating table comments
2022-07-13 11:42:08...creating Relationship Meta for Comment
2022-07-13 11:42:08...processing table subscriptions
2022-07-13 11:42:08...creating table subscriptions
2022-07-13 11:42:08...creating Relationship Meta for Subscription
2022-07-13 11:42:08...processing table filters
2022-07-13 11:42:08...creating table filters
2022-07-13 11:42:08...creating Relationship Meta for Filters
2022-07-13 11:42:08...processing table dashboards
2022-07-13 11:42:08...creating table dashboards
2022-07-13 11:42:08...creating Relationship Meta for Dashboard
2022-07-13 11:42:08...processing table tags
2022-07-13 11:42:08...creating table tags
2022-07-13 11:42:08...creating Relationship Meta for Tag
2022-07-13 11:42:08...processing table categories
2022-07-13 11:42:08...creating table categories
2022-07-13 11:42:08...creating Relationship Meta for Category
2022-07-13 11:42:08...processing table pdfmanager
2022-07-13 11:42:08...creating table pdfmanager
2022-07-13 11:42:08...creating Relationship Meta for PdfManager
2022-07-13 11:42:08...processing table kbdocuments
2022-07-13 11:42:08...creating table kbdocuments
2022-07-13 11:42:08...creating Relationship Meta for KBDocument
2022-07-13 11:42:08...processing table kbcontents
2022-07-13 11:42:08...creating table kbcontents
2022-07-13 11:42:08...creating Relationship Meta for KBContent
2022-07-13 11:42:08...processing table kbarticles
2022-07-13 11:42:08...creating table kbarticles
2022-07-13 11:42:08...creating Relationship Meta for KBArticle
2022-07-13 11:42:08...processing table kbcontent_templates
2022-07-13 11:42:08...creating table kbcontent_templates
2022-07-13 11:42:08...creating Relationship Meta for KBContentTemplate
2022-07-13 11:42:08...processing table embedded_files
2022-07-13 11:42:08...creating table embedded_files
2022-07-13 11:42:08...creating Relationship Meta for EmbeddedFile
2022-07-13 11:42:08...processing table visual_pipeline
2022-07-13 11:42:08...creating table visual_pipeline
2022-07-13 11:42:08...creating Relationship Meta for VisualPipeline
2022-07-13 11:42:08...processing table console_configuration
2022-07-13 11:42:08...creating table console_configuration
2022-07-13 11:42:08...creating Relationship Meta for ConsoleConfiguration
2022-07-13 11:42:08...processing table sugar_live
2022-07-13 11:42:08...creating table sugar_live
2022-07-13 11:42:08...creating Relationship Meta for SugarLive
2022-07-13 11:42:08...processing table escalations
2022-07-13 11:42:08...creating table escalations
2022-07-13 11:42:08...creating Relationship Meta for Escalation
2022-07-13 11:42:08...processing table commentlog
2022-07-13 11:42:08...creating table commentlog
2022-07-13 11:42:08...creating Relationship Meta for CommentLog
2022-07-13 11:42:08...processing table data_archivers
2022-07-13 11:42:08...creating table data_archivers
2022-07-13 11:42:08...creating Relationship Meta for DataArchiver
2022-07-13 11:42:08...processing table archive_runs
2022-07-13 11:42:08...creating table archive_runs
2022-07-13 11:42:08...creating Relationship Meta for ArchiveRuns
2022-07-13 11:42:08...processing table hint_enrich_field_config
2022-07-13 11:42:08...creating table hint_enrich_field_config
2022-07-13 11:42:08...creating Relationship Meta for HintEnrichFieldConfig
2022-07-13 11:42:08...processing table hint_accountsets
2022-07-13 11:42:08...creating table hint_accountsets
2022-07-13 11:42:08...creating Relationship Meta for HintAccountset
2022-07-13 11:42:08...processing table hint_news_notifications
2022-07-13 11:42:08...creating table hint_news_notifications
2022-07-13 11:42:08...creating Relationship Meta for HintNewsNotification
2022-07-13 11:42:08...processing table hint_notification_targets
2022-07-13 11:42:08...creating table hint_notification_targets
2022-07-13 11:42:08...creating Relationship Meta for HintNotificationTarget
2022-07-13 11:42:08...processing table document_templates
2022-07-13 11:42:08...creating table document_templates
2022-07-13 11:42:08...creating Relationship Meta for DocumentTemplate
2022-07-13 11:42:08...processing table document_merges
2022-07-13 11:42:08...creating table document_merges
2022-07-13 11:42:08...creating Relationship Meta for DocumentMerge
2022-07-13 11:42:08...processing table cloud_drive_paths
2022-07-13 11:42:09...creating table cloud_drive_paths
2022-07-13 11:42:09...creating Relationship Meta for CloudDrivePath
2022-07-13 11:42:09...processing table geocode
2022-07-13 11:42:09...creating table geocode
2022-07-13 11:42:09...creating Relationship Meta for Geocode
2022-07-13 11:42:09...processing table geocode_job
2022-07-13 11:42:09...creating table geocode_job
2022-07-13 11:42:09...creating Relationship Meta for GeocodeJob
2022-07-13 11:42:11...Begin creating Defaults
2022-07-13 11:42:11...INSERT defaults INTO config TABLE
2022-07-13 11:42:11...Updating license information
2022-07-13 11:42:11...Creating default users
2022-07-13 11:42:11...Creating default reports
2022-07-13 11:42:12...Creating default scheduler jobs
2022-07-13 11:42:12...creating new user for Snip
2022-07-13 11:42:12...Adding default maps configurations
2022-07-13 11:42:12...Converting Opportunities to use RevenueLineItems
2022-07-13 11:42:13...Converting Opportunities Reports to use RevenueLineItems
2022-07-13 11:42:13...converting Forecasts to use RevenueLineItems
2022-07-13 11:42:13...creating default dashboards
2022-07-13 11:42:13...populating the db with seed data
2022-07-13 11:42:13...done populating the db with seed data
2022-07-13 11:42:13...Installing Business Process Management designs
2022-07-13 11:42:15...Process Design Process Definitions installations: 12
2022-07-13 11:42:15...Process Design Process Business Rules installations: 3
2022-07-13 11:42:15...Process Design Process Email Templates installations: 13
2022-07-13 11:42:15...Process Design files cleaned up: 12
2022-07-13 11:42:15...Completed installation of Business Process Management designs
2022-07-13 11:42:15...running full indexer
2022-07-13 11:42:20...Done populating data *********
2022-07-13 11:42:20...Running post-install hooks
2022-07-13 11:42:20...Finished post-install hooks
2022-07-13 11:42:21...Populating file cache
2022-07-13 11:42:21...Populating metadata cache
2022-07-13 11:42:23...Installation has completed *********
2022-07-13 11:43:07...installerHook: Could not find custom/install/install_hooks.php