Tue Aug 23 10:57:45 2022 [15379][-none-][FATAL] Array
(
    [0] => Sugar Query Result Using API: 
    [1] => Array
        (
            [0] => Array
                (
                    [GROUP_CONCAT(accounts.name)] => Zafar,Hassaan
                    [email_address] => faizansh33@gmail.com
                )

            [1] => Array
                (
                    [GROUP_CONCAT(accounts.name)] => Iftikhar,Shahid Khan,Abdul Salam
                    [email_address] => shakiltalha29@gmail.com
                )

        )

)

Tue Aug 23 10:57:45 2022 [15379][-none-][FATAL] Array
(
    [0] => Generated SQL: 
    [1] => SELECT GROUP_CONCAT(accounts.name), test.email_address FROM accounts INNER JOIN email_addr_bean_rel email_addr_bean_rel ON accounts.id = email_addr_bean_rel.bean_id INNER JOIN email_addresses test ON test.id = email_addr_bean_rel.email_address_id LEFT JOIN accounts_cstm accounts_cstm ON accounts_cstm.id_c = accounts.id WHERE (accounts.industry = ?) AND (accounts.deleted = ?) GROUP BY test.email_address HAVING count(accounts.id) > 1
)

Tue Aug 23 10:58:01 2022 [29072][-none-][FATAL] Configuration variable date.timezone is not set, guessed timezone Asia/Karachi. Please set date.timezone="Asia/Karachi" in php.ini!
Tue Aug 23 10:59:01 2022 [29371][-none-][FATAL] Configuration variable date.timezone is not set, guessed timezone Asia/Karachi. Please set date.timezone="Asia/Karachi" in php.ini!
Tue Aug 23 11:00:07 2022 [29676][-none-][FATAL] Configuration variable date.timezone is not set, guessed timezone Asia/Karachi. Please set date.timezone="Asia/Karachi" in php.ini!
Tue Aug 23 11:00:17 2022 [13466][1][FATAL] failed to find link for cases_contacts_1
Tue Aug 23 11:00:17 2022 [13466][1][FATAL] failed to find link for cases_contacts_2
Tue Aug 23 11:00:18 2022 [13466][1][FATAL] failed to find link for cases_contacts_1
Tue Aug 23 11:00:18 2022 [13466][1][FATAL] failed to find link for cases_contacts_2
Tue Aug 23 11:00:39 2022 [13469][1][FATAL] hook
Tue Aug 23 11:00:39 2022 [28932][1][FATAL] Array
(
    [0] => Sugar Query Result Using API: 
    [1] => Array
        (
            [0] => Array
                (
                    [GROUP_CONCAT(accounts.name)] => Hassaan,Zafar
                    [email_address] => faizansh33@gmail.com
                )

            [1] => Array
                (
                    [GROUP_CONCAT(accounts.name)] => Shahid Khan,Abdul Salam,Iftikhar
                    [email_address] => shakiltalha29@gmail.com
                )

        )

)

Tue Aug 23 11:00:39 2022 [28932][1][FATAL] Array
(
    [0] => Generated SQL: 
    [1] => SELECT GROUP_CONCAT(accounts.name), test.email_address FROM accounts INNER JOIN email_addr_bean_rel email_addr_bean_rel ON accounts.id = email_addr_bean_rel.bean_id INNER JOIN email_addresses test ON test.id = email_addr_bean_rel.email_address_id LEFT JOIN accounts_cstm accounts_cstm ON accounts_cstm.id_c = accounts.id WHERE (accounts.industry = ?) AND (accounts.deleted = ?) GROUP BY test.email_address HAVING count(accounts.id) > 1
)

Tue Aug 23 11:01:08 2022 [30025][-none-][FATAL] Configuration variable date.timezone is not set, guessed timezone Asia/Karachi. Please set date.timezone="Asia/Karachi" in php.ini!
Tue Aug 23 11:02:01 2022 [30254][-none-][FATAL] Configuration variable date.timezone is not set, guessed timezone Asia/Karachi. Please set date.timezone="Asia/Karachi" in php.ini!
Tue Aug 23 11:03:01 2022 [30487][-none-][FATAL] Configuration variable date.timezone is not set, guessed timezone Asia/Karachi. Please set date.timezone="Asia/Karachi" in php.ini!
Tue Aug 23 11:03:30 2022 [29697][1][FATAL] failed to find link for cases_contacts_1
Tue Aug 23 11:03:30 2022 [29697][1][FATAL] failed to find link for cases_contacts_2
Tue Aug 23 11:03:31 2022 [29697][1][FATAL] failed to find link for cases_contacts_1
Tue Aug 23 11:03:31 2022 [29697][1][FATAL] failed to find link for cases_contacts_2
Tue Aug 23 11:03:32 2022 [27008][1][FATAL] hook
Tue Aug 23 11:03:32 2022 [13466][1][FATAL] Array
(
    [0] => Sugar Query Result Using API: 
    [1] => Array
        (
            [0] => Array
                (
                    [GROUP_CONCAT(accounts.name)] => Hassaan,Zafar
                    [email_address] => faizansh33@gmail.com
                )

            [1] => Array
                (
                    [GROUP_CONCAT(accounts.name)] => Shahid Khan,Abdul Salam,Iftikhar
                    [email_address] => shakiltalha29@gmail.com
                )

        )

)

Tue Aug 23 11:03:32 2022 [13466][1][FATAL] Array
(
    [0] => Generated SQL: 
    [1] => SELECT GROUP_CONCAT(accounts.name), test.email_address FROM accounts INNER JOIN email_addr_bean_rel email_addr_bean_rel ON accounts.id = email_addr_bean_rel.bean_id INNER JOIN email_addresses test ON test.id = email_addr_bean_rel.email_address_id LEFT JOIN accounts_cstm accounts_cstm ON accounts_cstm.id_c = accounts.id WHERE (accounts.industry = ?) AND (accounts.deleted = ?) GROUP BY test.email_address HAVING count(accounts.id) > 1
)

Tue Aug 23 11:04:01 2022 [30751][-none-][FATAL] Configuration variable date.timezone is not set, guessed timezone Asia/Karachi. Please set date.timezone="Asia/Karachi" in php.ini!
Tue Aug 23 11:05:07 2022 [30952][-none-][FATAL] Configuration variable date.timezone is not set, guessed timezone Asia/Karachi. Please set date.timezone="Asia/Karachi" in php.ini!
Tue Aug 23 11:06:07 2022 [23085][1][FATAL] failed to find link for cases_contacts_1
Tue Aug 23 11:06:07 2022 [23085][1][FATAL] failed to find link for cases_contacts_2
Tue Aug 23 11:06:07 2022 [31286][-none-][FATAL] Configuration variable date.timezone is not set, guessed timezone Asia/Karachi. Please set date.timezone="Asia/Karachi" in php.ini!
Tue Aug 23 11:06:08 2022 [23085][1][FATAL] failed to find link for cases_contacts_1
Tue Aug 23 11:06:08 2022 [23085][1][FATAL] failed to find link for cases_contacts_2
Tue Aug 23 11:06:09 2022 [28932][1][FATAL] hook
Tue Aug 23 11:06:09 2022 [13466][1][FATAL] Array
(
    [0] => Sugar Query Result Using API: 
    [1] => Array
        (
            [0] => Array
                (
                    [GROUP_CONCAT(accounts.name)] => Zafar,Hassaan
                    [email_address] => faizansh33@gmail.com
                )

            [1] => Array
                (
                    [GROUP_CONCAT(accounts.name)] => Abdul Salam,Iftikhar,Shahid Khan
                    [email_address] => shakiltalha29@gmail.com
                )

        )

)

Tue Aug 23 11:06:09 2022 [13466][1][FATAL] Array
(
    [0] => Generated SQL: 
    [1] => SELECT GROUP_CONCAT(accounts.name), test.email_address FROM accounts INNER JOIN email_addr_bean_rel email_addr_bean_rel ON accounts.id = email_addr_bean_rel.bean_id INNER JOIN email_addresses test ON test.id = email_addr_bean_rel.email_address_id LEFT JOIN accounts_cstm accounts_cstm ON accounts_cstm.id_c = accounts.id WHERE (accounts.industry = ?) AND (accounts.deleted = ?) GROUP BY test.email_address HAVING count(accounts.id) > 1
)

Tue Aug 23 11:07:01 2022 [31616][-none-][FATAL] Configuration variable date.timezone is not set, guessed timezone Asia/Karachi. Please set date.timezone="Asia/Karachi" in php.ini!
Tue Aug 23 11:08:01 2022 [31845][-none-][FATAL] Configuration variable date.timezone is not set, guessed timezone Asia/Karachi. Please set date.timezone="Asia/Karachi" in php.ini!
Tue Aug 23 11:09:01 2022 [32168][-none-][FATAL] Configuration variable date.timezone is not set, guessed timezone Asia/Karachi. Please set date.timezone="Asia/Karachi" in php.ini!
Tue Aug 23 11:10:01 2022 [32434][-none-][FATAL] Configuration variable date.timezone is not set, guessed timezone Asia/Karachi. Please set date.timezone="Asia/Karachi" in php.ini!
Tue Aug 23 11:11:02 2022 [32661][-none-][FATAL] Configuration variable date.timezone is not set, guessed timezone Asia/Karachi. Please set date.timezone="Asia/Karachi" in php.ini!
Tue Aug 23 11:11:23 2022 [31276][1][FATAL] failed to find link for cases_contacts_1
Tue Aug 23 11:11:23 2022 [31276][1][FATAL] failed to find link for cases_contacts_2
Tue Aug 23 11:11:24 2022 [31276][1][FATAL] failed to find link for cases_contacts_1
Tue Aug 23 11:11:24 2022 [31276][1][FATAL] failed to find link for cases_contacts_2
Tue Aug 23 11:11:26 2022 [29697][1][FATAL] hook
Tue Aug 23 11:11:26 2022 [31276][1][FATAL] Array
(
    [0] => Sugar Query Result Using API: 
    [1] => Array
        (
            [0] => Array
                (
                    [GROUP_CONCAT(accounts.name)] => Zafar,Hassaan
                    [email_address] => faizansh33@gmail.com
                )

            [1] => Array
                (
                    [GROUP_CONCAT(accounts.name)] => Abdul Salam,Iftikhar,Shahid Khan
                    [email_address] => shakiltalha29@gmail.com
                )

        )

)

Tue Aug 23 11:11:26 2022 [31276][1][FATAL] Array
(
    [0] => Generated SQL: 
    [1] => SELECT GROUP_CONCAT(accounts.name), test.email_address FROM accounts INNER JOIN email_addr_bean_rel email_addr_bean_rel ON accounts.id = email_addr_bean_rel.bean_id INNER JOIN email_addresses test ON test.id = email_addr_bean_rel.email_address_id LEFT JOIN accounts_cstm accounts_cstm ON accounts_cstm.id_c = accounts.id WHERE (accounts.industry = ?) AND (accounts.deleted = ?) GROUP BY test.email_address HAVING count(accounts.id) > 1
)

Tue Aug 23 11:12:01 2022 [33008][-none-][FATAL] Configuration variable date.timezone is not set, guessed timezone Asia/Karachi. Please set date.timezone="Asia/Karachi" in php.ini!
Tue Aug 23 11:13:10 2022 [33312][-none-][FATAL] Configuration variable date.timezone is not set, guessed timezone Asia/Karachi. Please set date.timezone="Asia/Karachi" in php.ini!
Tue Aug 23 11:14:01 2022 [33509][-none-][FATAL] Configuration variable date.timezone is not set, guessed timezone Asia/Karachi. Please set date.timezone="Asia/Karachi" in php.ini!
Tue Aug 23 11:15:02 2022 [33821][-none-][FATAL] Configuration variable date.timezone is not set, guessed timezone Asia/Karachi. Please set date.timezone="Asia/Karachi" in php.ini!
Tue Aug 23 11:15:06 2022 [13469][1][FATAL] failed to find link for cases_contacts_1
Tue Aug 23 11:15:06 2022 [13469][1][FATAL] failed to find link for cases_contacts_2
Tue Aug 23 11:15:06 2022 [13469][1][FATAL] failed to find link for cases_contacts_1
Tue Aug 23 11:15:06 2022 [13469][1][FATAL] failed to find link for cases_contacts_2
Tue Aug 23 11:15:07 2022 [13466][1][FATAL] Array
(
    [0] => Sugar Query Result Using API: 
    [1] => Array
        (
            [0] => Array
                (
                    [GROUP_CONCAT(accounts.name)] => Zafar,Hassaan
                    [email_address] => faizansh33@gmail.com
                )

            [1] => Array
                (
                    [GROUP_CONCAT(accounts.name)] => Abdul Salam,Iftikhar,Shahid Khan
                    [email_address] => shakiltalha29@gmail.com
                )

        )

)

Tue Aug 23 11:15:07 2022 [13466][1][FATAL] Array
(
    [0] => Generated SQL: 
    [1] => SELECT GROUP_CONCAT(accounts.name), test.email_address FROM accounts INNER JOIN email_addr_bean_rel email_addr_bean_rel ON accounts.id = email_addr_bean_rel.bean_id INNER JOIN email_addresses test ON test.id = email_addr_bean_rel.email_address_id LEFT JOIN accounts_cstm accounts_cstm ON accounts_cstm.id_c = accounts.id WHERE (accounts.industry = ?) AND (accounts.deleted = ?) GROUP BY test.email_address HAVING count(accounts.id) > 1
)

Tue Aug 23 11:15:07 2022 [30646][1][FATAL] hook
Tue Aug 23 11:16:02 2022 [34036][-none-][FATAL] Configuration variable date.timezone is not set, guessed timezone Asia/Karachi. Please set date.timezone="Asia/Karachi" in php.ini!
Tue Aug 23 11:17:01 2022 [34282][-none-][FATAL] Configuration variable date.timezone is not set, guessed timezone Asia/Karachi. Please set date.timezone="Asia/Karachi" in php.ini!
Tue Aug 23 11:18:01 2022 [34550][-none-][FATAL] Configuration variable date.timezone is not set, guessed timezone Asia/Karachi. Please set date.timezone="Asia/Karachi" in php.ini!
Tue Aug 23 11:19:08 2022 [34847][-none-][FATAL] Configuration variable date.timezone is not set, guessed timezone Asia/Karachi. Please set date.timezone="Asia/Karachi" in php.ini!
Tue Aug 23 11:19:25 2022 [33848][1][FATAL] failed to find link for cases_contacts_1
Tue Aug 23 11:19:25 2022 [33848][1][FATAL] failed to find link for cases_contacts_2
Tue Aug 23 11:19:26 2022 [33848][1][FATAL] failed to find link for cases_contacts_1
Tue Aug 23 11:19:26 2022 [33848][1][FATAL] failed to find link for cases_contacts_2
Tue Aug 23 11:19:27 2022 [29697][1][FATAL] hook
Tue Aug 23 11:19:27 2022 [15379][1][FATAL] Array
(
    [0] => Sugar Query Result Using API: 
    [1] => Array
        (
            [0] => Array
                (
                    [GROUP_CONCAT(accounts.name)] => Zafar,Hassaan
                    [email_address] => faizansh33@gmail.com
                )

            [1] => Array
                (
                    [GROUP_CONCAT(accounts.name)] => Iftikhar,Shahid Khan,Abdul Salam
                    [email_address] => shakiltalha29@gmail.com
                )

        )

)

Tue Aug 23 11:19:27 2022 [15379][1][FATAL] Array
(
    [0] => Generated SQL: 
    [1] => SELECT GROUP_CONCAT(accounts.name), test.email_address FROM accounts INNER JOIN email_addr_bean_rel email_addr_bean_rel ON accounts.id = email_addr_bean_rel.bean_id INNER JOIN email_addresses test ON test.id = email_addr_bean_rel.email_address_id LEFT JOIN accounts_cstm accounts_cstm ON accounts_cstm.id_c = accounts.id WHERE (accounts.industry = ?) AND (accounts.deleted = ?) GROUP BY test.email_address HAVING count(accounts.id) > 1
)

Tue Aug 23 11:20:07 2022 [35112][-none-][FATAL] Configuration variable date.timezone is not set, guessed timezone Asia/Karachi. Please set date.timezone="Asia/Karachi" in php.ini!
Tue Aug 23 11:20:38 2022 [30646][1][FATAL] failed to find link for cases_contacts_1
Tue Aug 23 11:20:38 2022 [30646][1][FATAL] failed to find link for cases_contacts_2
Tue Aug 23 11:20:39 2022 [30646][1][FATAL] failed to find link for cases_contacts_1
Tue Aug 23 11:20:39 2022 [30646][1][FATAL] failed to find link for cases_contacts_2
Tue Aug 23 11:20:40 2022 [31276][1][FATAL] Array
(
    [0] => Sugar Query Result Using API: 
    [1] => Array
        (
            [0] => Array
                (
                    [GROUP_CONCAT(accounts.name)] => Zafar,Hassaan
                    [email_address] => faizansh33@gmail.com
                )

            [1] => Array
                (
                    [GROUP_CONCAT(accounts.name)] => Iftikhar,Shahid Khan,Abdul Salam
                    [email_address] => shakiltalha29@gmail.com
                )

        )

)

Tue Aug 23 11:20:40 2022 [31276][1][FATAL] Array
(
    [0] => Generated SQL: 
    [1] => SELECT GROUP_CONCAT(accounts.name), test.email_address FROM accounts INNER JOIN email_addr_bean_rel email_addr_bean_rel ON accounts.id = email_addr_bean_rel.bean_id INNER JOIN email_addresses test ON test.id = email_addr_bean_rel.email_address_id LEFT JOIN accounts_cstm accounts_cstm ON accounts_cstm.id_c = accounts.id WHERE (accounts.industry = ?) AND (accounts.deleted = ?) GROUP BY test.email_address HAVING count(accounts.id) > 1
)

Tue Aug 23 11:20:40 2022 [34911][1][FATAL] hook
Tue Aug 23 11:21:01 2022 [35421][-none-][FATAL] Configuration variable date.timezone is not set, guessed timezone Asia/Karachi. Please set date.timezone="Asia/Karachi" in php.ini!
Tue Aug 23 11:22:02 2022 [35644][-none-][FATAL] Configuration variable date.timezone is not set, guessed timezone Asia/Karachi. Please set date.timezone="Asia/Karachi" in php.ini!
Tue Aug 23 11:23:16 2022 [35912][-none-][FATAL] Configuration variable date.timezone is not set, guessed timezone Asia/Karachi. Please set date.timezone="Asia/Karachi" in php.ini!
Tue Aug 23 11:24:01 2022 [36094][-none-][FATAL] Configuration variable date.timezone is not set, guessed timezone Asia/Karachi. Please set date.timezone="Asia/Karachi" in php.ini!
Tue Aug 23 11:25:07 2022 [36427][-none-][FATAL] Configuration variable date.timezone is not set, guessed timezone Asia/Karachi. Please set date.timezone="Asia/Karachi" in php.ini!
Tue Aug 23 11:26:01 2022 [36718][-none-][FATAL] Configuration variable date.timezone is not set, guessed timezone Asia/Karachi. Please set date.timezone="Asia/Karachi" in php.ini!
Tue Aug 23 11:27:01 2022 [37260][-none-][FATAL] Configuration variable date.timezone is not set, guessed timezone Asia/Karachi. Please set date.timezone="Asia/Karachi" in php.ini!
Tue Aug 23 11:28:18 2022 [37628][-none-][FATAL] Configuration variable date.timezone is not set, guessed timezone Asia/Karachi. Please set date.timezone="Asia/Karachi" in php.ini!
Tue Aug 23 11:29:01 2022 [37799][-none-][FATAL] Configuration variable date.timezone is not set, guessed timezone Asia/Karachi. Please set date.timezone="Asia/Karachi" in php.ini!
Tue Aug 23 11:30:02 2022 [38096][-none-][FATAL] Configuration variable date.timezone is not set, guessed timezone Asia/Karachi. Please set date.timezone="Asia/Karachi" in php.ini!
Tue Aug 23 11:30:48 2022 [31276][1][FATAL] failed to find link for cases_contacts_1
Tue Aug 23 11:30:48 2022 [31276][1][FATAL] failed to find link for cases_contacts_2
Tue Aug 23 11:30:49 2022 [31276][1][FATAL] failed to find link for cases_contacts_1
Tue Aug 23 11:30:49 2022 [31276][1][FATAL] failed to find link for cases_contacts_2
Tue Aug 23 11:30:50 2022 [32829][1][FATAL] Array
(
    [0] => Sugar Query Result Using API: 
    [1] => Array
        (
            [0] => Array
                (
                    [GROUP_CONCAT(accounts.name)] => Zafar,Hassaan
                    [email_address] => faizansh33@gmail.com
                )

            [1] => Array
                (
                    [GROUP_CONCAT(accounts.name)] => Iftikhar,Shahid Khan,Abdul Salam
                    [email_address] => shakiltalha29@gmail.com
                )

        )

)

Tue Aug 23 11:30:50 2022 [32829][1][FATAL] Array
(
    [0] => Generated SQL: 
    [1] => SELECT GROUP_CONCAT(accounts.name), test.email_address FROM accounts INNER JOIN email_addr_bean_rel email_addr_bean_rel ON accounts.id = email_addr_bean_rel.bean_id INNER JOIN email_addresses test ON test.id = email_addr_bean_rel.email_address_id LEFT JOIN accounts_cstm accounts_cstm ON accounts_cstm.id_c = accounts.id WHERE (accounts.industry = ?) AND (accounts.deleted = ?) GROUP BY test.email_address HAVING count(accounts.id) > 1
)

Tue Aug 23 11:30:50 2022 [35282][1][FATAL] hook
Tue Aug 23 11:31:01 2022 [38403][-none-][FATAL] Configuration variable date.timezone is not set, guessed timezone Asia/Karachi. Please set date.timezone="Asia/Karachi" in php.ini!
Tue Aug 23 11:31:42 2022 [38347][1][FATAL] failed to find link for cases_contacts_1
Tue Aug 23 11:31:42 2022 [38347][1][FATAL] failed to find link for cases_contacts_2
Tue Aug 23 11:31:43 2022 [38347][1][FATAL] failed to find link for cases_contacts_1
Tue Aug 23 11:31:43 2022 [38347][1][FATAL] failed to find link for cases_contacts_2
Tue Aug 23 11:31:44 2022 [13466][1][FATAL] hook
Tue Aug 23 11:31:44 2022 [32829][1][FATAL] Array
(
    [0] => Sugar Query Result Using API: 
    [1] => Array
        (
            [0] => Array
                (
                    [GROUP_CONCAT(accounts.name)] => Hassaan,Zafar
                    [email_address] => faizansh33@gmail.com
                )

            [1] => Array
                (
                    [GROUP_CONCAT(accounts.name)] => Shahid Khan,Abdul Salam,Iftikhar
                    [email_address] => shakiltalha29@gmail.com
                )

        )

)

Tue Aug 23 11:31:44 2022 [32829][1][FATAL] Array
(
    [0] => Generated SQL: 
    [1] => SELECT GROUP_CONCAT(accounts.name), test.email_address FROM accounts INNER JOIN email_addr_bean_rel email_addr_bean_rel ON accounts.id = email_addr_bean_rel.bean_id INNER JOIN email_addresses test ON test.id = email_addr_bean_rel.email_address_id LEFT JOIN accounts_cstm accounts_cstm ON accounts_cstm.id_c = accounts.id WHERE (accounts.industry = ?) AND (accounts.deleted = ?) GROUP BY test.email_address HAVING count(accounts.id) > 1
)

Tue Aug 23 11:32:01 2022 [39048][-none-][FATAL] Configuration variable date.timezone is not set, guessed timezone Asia/Karachi. Please set date.timezone="Asia/Karachi" in php.ini!
Tue Aug 23 11:33:01 2022 [39287][-none-][FATAL] Configuration variable date.timezone is not set, guessed timezone Asia/Karachi. Please set date.timezone="Asia/Karachi" in php.ini!
Tue Aug 23 11:34:01 2022 [39593][-none-][FATAL] Configuration variable date.timezone is not set, guessed timezone Asia/Karachi. Please set date.timezone="Asia/Karachi" in php.ini!
Tue Aug 23 11:34:17 2022 [38982][1][FATAL] failed to find link for cases_contacts_1
Tue Aug 23 11:34:17 2022 [38982][1][FATAL] failed to find link for cases_contacts_2
Tue Aug 23 11:34:18 2022 [38982][1][FATAL] failed to find link for cases_contacts_1
Tue Aug 23 11:34:18 2022 [38982][1][FATAL] failed to find link for cases_contacts_2
Tue Aug 23 11:34:19 2022 [13466][1][FATAL] hook
Tue Aug 23 11:34:20 2022 [32829][1][FATAL] Array
(
    [0] => Sugar Query Result Using API: 
    [1] => Array
        (
            [0] => Array
                (
                    [GROUP_CONCAT(accounts.name)] => Zafar,Hassaan
                    [email_address] => faizansh33@gmail.com
                )

            [1] => Array
                (
                    [GROUP_CONCAT(accounts.name)] => Abdul Salam,Iftikhar,Shahid Khan
                    [email_address] => shakiltalha29@gmail.com
                )

        )

)

Tue Aug 23 11:34:20 2022 [32829][1][FATAL] Array
(
    [0] => Generated SQL: 
    [1] => SELECT GROUP_CONCAT(accounts.name), test.email_address FROM accounts INNER JOIN email_addr_bean_rel email_addr_bean_rel ON accounts.id = email_addr_bean_rel.bean_id INNER JOIN email_addresses test ON test.id = email_addr_bean_rel.email_address_id LEFT JOIN accounts_cstm accounts_cstm ON accounts_cstm.id_c = accounts.id WHERE (accounts.industry = ?) AND (accounts.deleted = ?) GROUP BY test.email_address HAVING count(accounts.id) > 1
)

Tue Aug 23 11:35:01 2022 [39933][-none-][FATAL] Configuration variable date.timezone is not set, guessed timezone Asia/Karachi. Please set date.timezone="Asia/Karachi" in php.ini!
Tue Aug 23 11:36:01 2022 [40201][-none-][FATAL] Configuration variable date.timezone is not set, guessed timezone Asia/Karachi. Please set date.timezone="Asia/Karachi" in php.ini!
Tue Aug 23 11:45:56 2022 [40711][-none-][FATAL] Configuration variable date.timezone is not set, guessed timezone Asia/Karachi. Please set date.timezone="Asia/Karachi" in php.ini!
Tue Aug 23 11:46:13 2022 [40837][-none-][FATAL] Configuration variable date.timezone is not set, guessed timezone Asia/Karachi. Please set date.timezone="Asia/Karachi" in php.ini!
Tue Aug 23 11:46:13 2022 [40837][1][FATAL] Job runs too frequently, throttled to protect the system.
Tue Aug 23 11:46:17 2022 [35282][1][FATAL] Array
(
    [0] => Sugar Query Result Using API: 
    [1] => Array
        (
            [0] => Array
                (
                    [GROUP_CONCAT(accounts.name)] => Zafar,Hassaan
                    [email_address] => faizansh33@gmail.com
                )

            [1] => Array
                (
                    [GROUP_CONCAT(accounts.name)] => Iftikhar,Shahid Khan,Abdul Salam
                    [email_address] => shakiltalha29@gmail.com
                )

        )

)

Tue Aug 23 11:46:17 2022 [35282][1][FATAL] Array
(
    [0] => Generated SQL: 
    [1] => SELECT GROUP_CONCAT(accounts.name), test.email_address FROM accounts INNER JOIN email_addr_bean_rel email_addr_bean_rel ON accounts.id = email_addr_bean_rel.bean_id INNER JOIN email_addresses test ON test.id = email_addr_bean_rel.email_address_id LEFT JOIN accounts_cstm accounts_cstm ON accounts_cstm.id_c = accounts.id WHERE (accounts.industry = ?) AND (accounts.deleted = ?) GROUP BY test.email_address HAVING count(accounts.id) > 1
)

Tue Aug 23 11:46:17 2022 [38347][1][FATAL] hook
Tue Aug 23 11:47:01 2022 [41045][-none-][FATAL] Configuration variable date.timezone is not set, guessed timezone Asia/Karachi. Please set date.timezone="Asia/Karachi" in php.ini!
Tue Aug 23 11:48:01 2022 [41278][-none-][FATAL] Configuration variable date.timezone is not set, guessed timezone Asia/Karachi. Please set date.timezone="Asia/Karachi" in php.ini!
Tue Aug 23 11:49:02 2022 [41494][-none-][FATAL] Configuration variable date.timezone is not set, guessed timezone Asia/Karachi. Please set date.timezone="Asia/Karachi" in php.ini!
Tue Aug 23 11:49:43 2022 [35282][1][FATAL] hook
Tue Aug 23 11:49:44 2022 [32829][1][FATAL] hook
Tue Aug 23 11:49:44 2022 [38347][1][FATAL] hook
Tue Aug 23 11:49:44 2022 [32829][1][FATAL] hook
Tue Aug 23 11:49:44 2022 [38347][1][FATAL] hook
Tue Aug 23 11:49:44 2022 [40798][1][FATAL] hook
Tue Aug 23 11:50:07 2022 [41793][-none-][FATAL] Configuration variable date.timezone is not set, guessed timezone Asia/Karachi. Please set date.timezone="Asia/Karachi" in php.ini!
Tue Aug 23 11:50:14 2022 [39728][1][FATAL] hook
Tue Aug 23 11:50:14 2022 [30646][1][FATAL] Array
(
    [0] => Sugar Query Result Using API: 
    [1] => Array
        (
            [0] => Array
                (
                    [GROUP_CONCAT(accounts.name)] => Zafar,Hassaan
                    [email_address] => faizansh33@gmail.com
                )

            [1] => Array
                (
                    [GROUP_CONCAT(accounts.name)] => Shahid Khan,Abdul Salam,Iftikhar
                    [email_address] => shakiltalha29@gmail.com
                )

        )

)

Tue Aug 23 11:50:14 2022 [30646][1][FATAL] Array
(
    [0] => Generated SQL: 
    [1] => SELECT GROUP_CONCAT(accounts.name), test.email_address FROM accounts INNER JOIN email_addr_bean_rel email_addr_bean_rel ON accounts.id = email_addr_bean_rel.bean_id INNER JOIN email_addresses test ON test.id = email_addr_bean_rel.email_address_id LEFT JOIN accounts_cstm accounts_cstm ON accounts_cstm.id_c = accounts.id WHERE (accounts.industry = ?) AND (accounts.deleted = ?) GROUP BY test.email_address HAVING count(accounts.id) > 1
)

Tue Aug 23 11:51:07 2022 [42094][-none-][FATAL] Configuration variable date.timezone is not set, guessed timezone Asia/Karachi. Please set date.timezone="Asia/Karachi" in php.ini!
Tue Aug 23 11:52:08 2022 [42317][-none-][FATAL] Configuration variable date.timezone is not set, guessed timezone Asia/Karachi. Please set date.timezone="Asia/Karachi" in php.ini!
Tue Aug 23 11:53:07 2022 [42533][-none-][FATAL] Configuration variable date.timezone is not set, guessed timezone Asia/Karachi. Please set date.timezone="Asia/Karachi" in php.ini!
Tue Aug 23 11:54:07 2022 [42749][-none-][FATAL] Configuration variable date.timezone is not set, guessed timezone Asia/Karachi. Please set date.timezone="Asia/Karachi" in php.ini!
Tue Aug 23 11:55:12 2022 [43283][-none-][FATAL] Configuration variable date.timezone is not set, guessed timezone Asia/Karachi. Please set date.timezone="Asia/Karachi" in php.ini!
Tue Aug 23 11:56:07 2022 [43510][-none-][FATAL] Configuration variable date.timezone is not set, guessed timezone Asia/Karachi. Please set date.timezone="Asia/Karachi" in php.ini!
Tue Aug 23 11:57:04 2022 [43758][-none-][FATAL] Configuration variable date.timezone is not set, guessed timezone Asia/Karachi. Please set date.timezone="Asia/Karachi" in php.ini!
Tue Aug 23 11:57:20 2022 [38347][1][FATAL] failed to find link for cases_contacts_1
Tue Aug 23 11:57:20 2022 [38347][1][FATAL] failed to find link for cases_contacts_2
Tue Aug 23 11:57:21 2022 [38347][1][FATAL] failed to find link for cases_contacts_1
Tue Aug 23 11:57:21 2022 [38347][1][FATAL] failed to find link for cases_contacts_2
Tue Aug 23 11:57:22 2022 [13466][1][FATAL] Array
(
    [0] => Sugar Query Result Using API: 
    [1] => Array
        (
            [0] => Array
                (
                    [GROUP_CONCAT(accounts.name)] => Zafar,Hassaan
                    [email_address] => faizansh33@gmail.com
                )

            [1] => Array
                (
                    [GROUP_CONCAT(accounts.name)] => Iftikhar,Shahid Khan,Abdul Salam
                    [email_address] => shakiltalha29@gmail.com
                )

        )

)

Tue Aug 23 11:57:22 2022 [13466][1][FATAL] Array
(
    [0] => Generated SQL: 
    [1] => SELECT GROUP_CONCAT(accounts.name), test.email_address FROM accounts INNER JOIN email_addr_bean_rel email_addr_bean_rel ON accounts.id = email_addr_bean_rel.bean_id INNER JOIN email_addresses test ON test.id = email_addr_bean_rel.email_address_id LEFT JOIN accounts_cstm accounts_cstm ON accounts_cstm.id_c = accounts.id WHERE (accounts.industry = ?) AND (accounts.deleted = ?) GROUP BY test.email_address HAVING count(accounts.id) > 1
)

Tue Aug 23 11:57:23 2022 [30646][1][FATAL] hook
Tue Aug 23 11:58:02 2022 [44049][-none-][FATAL] Configuration variable date.timezone is not set, guessed timezone Asia/Karachi. Please set date.timezone="Asia/Karachi" in php.ini!
Tue Aug 23 11:58:18 2022 [41623][1][FATAL] failed to find link for cases_contacts_1
Tue Aug 23 11:58:18 2022 [41623][1][FATAL] failed to find link for cases_contacts_2
Tue Aug 23 11:58:19 2022 [41623][1][FATAL] failed to find link for cases_contacts_1
Tue Aug 23 11:58:19 2022 [41623][1][FATAL] failed to find link for cases_contacts_2
Tue Aug 23 11:58:20 2022 [13466][1][FATAL] Array
(
    [0] => Sugar Query Result Using API: 
    [1] => Array
        (
            [0] => Array
                (
                    [GROUP_CONCAT(accounts.name)] => Zafar,Hassaan
                    [email_address] => faizansh33@gmail.com
                )

            [1] => Array
                (
                    [GROUP_CONCAT(accounts.name)] => Shahid Khan,Abdul Salam,Iftikhar
                    [email_address] => shakiltalha29@gmail.com
                )

        )

)

Tue Aug 23 11:58:20 2022 [13466][1][FATAL] Array
(
    [0] => Generated SQL: 
    [1] => SELECT GROUP_CONCAT(accounts.name), test.email_address FROM accounts INNER JOIN email_addr_bean_rel email_addr_bean_rel ON accounts.id = email_addr_bean_rel.bean_id INNER JOIN email_addresses test ON test.id = email_addr_bean_rel.email_address_id LEFT JOIN accounts_cstm accounts_cstm ON accounts_cstm.id_c = accounts.id WHERE (accounts.industry = ?) AND (accounts.deleted = ?) GROUP BY test.email_address HAVING count(accounts.id) > 1
)

Tue Aug 23 11:58:20 2022 [43856][1][FATAL] hook
Tue Aug 23 11:58:30 2022 [40798][1][FATAL] hook
Tue Aug 23 11:58:30 2022 [44132][1][FATAL] Array
(
    [0] => Sugar Query Result Using API: 
    [1] => Array
        (
            [0] => Array
                (
                    [GROUP_CONCAT(accounts.name)] => Zafar,Hassaan
                    [email_address] => faizansh33@gmail.com
                )

            [1] => Array
                (
                    [GROUP_CONCAT(accounts.name)] => Abdul Salam,Iftikhar,Shahid Khan
                    [email_address] => shakiltalha29@gmail.com
                )

        )

)

Tue Aug 23 11:58:30 2022 [44132][1][FATAL] Array
(
    [0] => Generated SQL: 
    [1] => SELECT GROUP_CONCAT(accounts.name), test.email_address FROM accounts INNER JOIN email_addr_bean_rel email_addr_bean_rel ON accounts.id = email_addr_bean_rel.bean_id INNER JOIN email_addresses test ON test.id = email_addr_bean_rel.email_address_id LEFT JOIN accounts_cstm accounts_cstm ON accounts_cstm.id_c = accounts.id WHERE (accounts.industry = ?) AND (accounts.deleted = ?) GROUP BY test.email_address HAVING count(accounts.id) > 1
)

Tue Aug 23 11:59:07 2022 [44368][-none-][FATAL] Configuration variable date.timezone is not set, guessed timezone Asia/Karachi. Please set date.timezone="Asia/Karachi" in php.ini!
Tue Aug 23 11:59:17 2022 [41623][1][FATAL] failed to find link for cases_contacts_1
Tue Aug 23 11:59:17 2022 [41623][1][FATAL] failed to find link for cases_contacts_2
Tue Aug 23 11:59:18 2022 [41623][1][FATAL] failed to find link for cases_contacts_1
Tue Aug 23 11:59:18 2022 [41623][1][FATAL] failed to find link for cases_contacts_2
Tue Aug 23 11:59:19 2022 [13466][1][FATAL] hook
Tue Aug 23 11:59:19 2022 [38347][1][FATAL] Array
(
    [0] => Sugar Query Result Using API: 
    [1] => Array
        (
            [0] => Array
                (
                    [GROUP_CONCAT(accounts.name)] => Zafar,Hassaan
                    [email_address] => faizansh33@gmail.com
                )

            [1] => Array
                (
                    [GROUP_CONCAT(accounts.name)] => Shahid Khan,Abdul Salam,Iftikhar
                    [email_address] => shakiltalha29@gmail.com
                )

        )

)

Tue Aug 23 11:59:19 2022 [38347][1][FATAL] Array
(
    [0] => Generated SQL: 
    [1] => SELECT GROUP_CONCAT(accounts.name), test.email_address FROM accounts INNER JOIN email_addr_bean_rel email_addr_bean_rel ON accounts.id = email_addr_bean_rel.bean_id INNER JOIN email_addresses test ON test.id = email_addr_bean_rel.email_address_id LEFT JOIN accounts_cstm accounts_cstm ON accounts_cstm.id_c = accounts.id WHERE (accounts.industry = ?) AND (accounts.deleted = ?) GROUP BY test.email_address HAVING count(accounts.id) > 1
)

Tue Aug 23 12:00:01 2022 [44710][-none-][FATAL] Configuration variable date.timezone is not set, guessed timezone Asia/Karachi. Please set date.timezone="Asia/Karachi" in php.ini!
Tue Aug 23 12:00:15 2022 [31276][1][FATAL] failed to find link for cases_contacts_1
Tue Aug 23 12:00:15 2022 [31276][1][FATAL] failed to find link for cases_contacts_2
Tue Aug 23 12:00:16 2022 [31276][1][FATAL] failed to find link for cases_contacts_1
Tue Aug 23 12:00:16 2022 [31276][1][FATAL] failed to find link for cases_contacts_2
Tue Aug 23 12:00:17 2022 [40798][1][FATAL] hook
Tue Aug 23 12:00:17 2022 [32829][1][FATAL] Array
(
    [0] => Sugar Query Result Using API: 
    [1] => Array
        (
            [0] => Array
                (
                    [GROUP_CONCAT(accounts.name)] => Zafar,Hassaan
                    [email_address] => faizansh33@gmail.com
                )

            [1] => Array
                (
                    [GROUP_CONCAT(accounts.name)] => Shahid Khan,Abdul Salam,Iftikhar
                    [email_address] => shakiltalha29@gmail.com
                )

        )

)

Tue Aug 23 12:00:17 2022 [32829][1][FATAL] Array
(
    [0] => Generated SQL: 
    [1] => SELECT GROUP_CONCAT(accounts.name), test.email_address FROM accounts INNER JOIN email_addr_bean_rel email_addr_bean_rel ON accounts.id = email_addr_bean_rel.bean_id INNER JOIN email_addresses test ON test.id = email_addr_bean_rel.email_address_id LEFT JOIN accounts_cstm accounts_cstm ON accounts_cstm.id_c = accounts.id WHERE (accounts.industry = ?) AND (accounts.deleted = ?) GROUP BY test.email_address HAVING count(accounts.id) > 1
)

Tue Aug 23 12:01:08 2022 [45071][-none-][FATAL] Configuration variable date.timezone is not set, guessed timezone Asia/Karachi. Please set date.timezone="Asia/Karachi" in php.ini!
Tue Aug 23 12:02:02 2022 [44132][1][FATAL] failed to find link for cases_contacts_1
Tue Aug 23 12:02:02 2022 [44132][1][FATAL] failed to find link for cases_contacts_2
Tue Aug 23 12:02:03 2022 [44132][1][FATAL] failed to find link for cases_contacts_1
Tue Aug 23 12:02:03 2022 [44132][1][FATAL] failed to find link for cases_contacts_2
Tue Aug 23 12:02:04 2022 [35282][1][FATAL] hook
Tue Aug 23 12:02:04 2022 [40798][1][FATAL] Array
(
    [0] => Sugar Query Result Using API: 
    [1] => Array
        (
            [0] => Array
                (
                    [GROUP_CONCAT(accounts.name)] => Hassaan,Zafar
                    [email_address] => faizansh33@gmail.com
                )

            [1] => Array
                (
                    [GROUP_CONCAT(accounts.name)] => Shahid Khan,Abdul Salam,Iftikhar
                    [email_address] => shakiltalha29@gmail.com
                )

        )

)

Tue Aug 23 12:02:04 2022 [40798][1][FATAL] Array
(
    [0] => Generated SQL: 
    [1] => SELECT GROUP_CONCAT(accounts.name), test.email_address FROM accounts INNER JOIN email_addr_bean_rel email_addr_bean_rel ON accounts.id = email_addr_bean_rel.bean_id INNER JOIN email_addresses test ON test.id = email_addr_bean_rel.email_address_id LEFT JOIN accounts_cstm accounts_cstm ON accounts_cstm.id_c = accounts.id WHERE (accounts.industry = ?) AND (accounts.deleted = ?) GROUP BY test.email_address HAVING count(accounts.id) > 1
)

Tue Aug 23 12:02:07 2022 [45376][-none-][FATAL] Configuration variable date.timezone is not set, guessed timezone Asia/Karachi. Please set date.timezone="Asia/Karachi" in php.ini!
Tue Aug 23 12:02:42 2022 [35282][1][FATAL] failed to find link for cases_contacts_1
Tue Aug 23 12:02:42 2022 [35282][1][FATAL] failed to find link for cases_contacts_2
Tue Aug 23 12:02:43 2022 [35282][1][FATAL] failed to find link for cases_contacts_1
Tue Aug 23 12:02:43 2022 [35282][1][FATAL] failed to find link for cases_contacts_2
Tue Aug 23 12:02:44 2022 [13466][1][FATAL] Array
(
    [0] => Sugar Query Result Using API: 
    [1] => Array
        (
            [0] => Array
                (
                    [GROUP_CONCAT(accounts.name)] => Zafar,Hassaan
                    [email_address] => faizansh33@gmail.com
                )

            [1] => Array
                (
                    [GROUP_CONCAT(accounts.name)] => Abdul Salam,Iftikhar,Shahid Khan
                    [email_address] => shakiltalha29@gmail.com
                )

        )

)

Tue Aug 23 12:02:44 2022 [13466][1][FATAL] Array
(
    [0] => Generated SQL: 
    [1] => SELECT GROUP_CONCAT(accounts.name), test.email_address FROM accounts INNER JOIN email_addr_bean_rel email_addr_bean_rel ON accounts.id = email_addr_bean_rel.bean_id INNER JOIN email_addresses test ON test.id = email_addr_bean_rel.email_address_id LEFT JOIN accounts_cstm accounts_cstm ON accounts_cstm.id_c = accounts.id WHERE (accounts.industry = ?) AND (accounts.deleted = ?) GROUP BY test.email_address HAVING count(accounts.id) > 1
)

Tue Aug 23 12:02:44 2022 [31276][1][FATAL] hook
Tue Aug 23 12:03:01 2022 [45693][-none-][FATAL] Configuration variable date.timezone is not set, guessed timezone Asia/Karachi. Please set date.timezone="Asia/Karachi" in php.ini!
Tue Aug 23 12:03:28 2022 [13466][1][FATAL] failed to find link for cases_contacts_1
Tue Aug 23 12:03:28 2022 [13466][1][FATAL] failed to find link for cases_contacts_2
Tue Aug 23 12:03:29 2022 [13466][1][FATAL] failed to find link for cases_contacts_1
Tue Aug 23 12:03:29 2022 [13466][1][FATAL] failed to find link for cases_contacts_2
Tue Aug 23 12:03:30 2022 [45352][1][FATAL] hook
Tue Aug 23 12:03:30 2022 [44826][1][FATAL] Array
(
    [0] => Sugar Query Result Using API: 
    [1] => Array
        (
            [0] => Array
                (
                    [GROUP_CONCAT(accounts.name)] => Zafar,Hassaan
                    [email_address] => faizansh33@gmail.com
                )

            [1] => Array
                (
                    [GROUP_CONCAT(accounts.name)] => Abdul Salam,Iftikhar,Shahid Khan
                    [email_address] => shakiltalha29@gmail.com
                )

        )

)

Tue Aug 23 12:03:30 2022 [44826][1][FATAL] Array
(
    [0] => Generated SQL: 
    [1] => SELECT GROUP_CONCAT(accounts.name), test.email_address FROM accounts INNER JOIN email_addr_bean_rel email_addr_bean_rel ON accounts.id = email_addr_bean_rel.bean_id INNER JOIN email_addresses test ON test.id = email_addr_bean_rel.email_address_id LEFT JOIN accounts_cstm accounts_cstm ON accounts_cstm.id_c = accounts.id WHERE (accounts.industry = ?) AND (accounts.deleted = ?) GROUP BY test.email_address HAVING count(accounts.id) > 1
)

Tue Aug 23 12:04:02 2022 [46013][-none-][FATAL] Configuration variable date.timezone is not set, guessed timezone Asia/Karachi. Please set date.timezone="Asia/Karachi" in php.ini!
Tue Aug 23 12:04:27 2022 [35282][1][FATAL] failed to find link for cases_contacts_1
Tue Aug 23 12:04:27 2022 [35282][1][FATAL] failed to find link for cases_contacts_2
Tue Aug 23 12:04:28 2022 [35282][1][FATAL] failed to find link for cases_contacts_1
Tue Aug 23 12:04:28 2022 [35282][1][FATAL] failed to find link for cases_contacts_2
Tue Aug 23 12:04:37 2022 [44826][1][FATAL] hook
Tue Aug 23 12:04:37 2022 [13466][1][FATAL] Array
(
    [0] => Sugar Query Result Using API: 
    [1] => Array
        (
            [0] => Array
                (
                    [accountName] => Zafar,Hassaan
                    [emailAddress] => faizansh33@gmail.com
                )

            [1] => Array
                (
                    [accountName] => Iftikhar,Shahid Khan,Abdul Salam
                    [emailAddress] => shakiltalha29@gmail.com
                )

        )

)

Tue Aug 23 12:04:37 2022 [13466][1][FATAL] Array
(
    [0] => Generated SQL: 
    [1] => SELECT GROUP_CONCAT(accounts.name) as accountName, test.email_address as emailAddress FROM accounts INNER JOIN email_addr_bean_rel email_addr_bean_rel ON accounts.id = email_addr_bean_rel.bean_id INNER JOIN email_addresses test ON test.id = email_addr_bean_rel.email_address_id LEFT JOIN accounts_cstm accounts_cstm ON accounts_cstm.id_c = accounts.id WHERE (accounts.industry = ?) AND (accounts.deleted = ?) GROUP BY test.email_address HAVING count(accounts.id) > 1
)

Tue Aug 23 12:05:01 2022 [46381][-none-][FATAL] Configuration variable date.timezone is not set, guessed timezone Asia/Karachi. Please set date.timezone="Asia/Karachi" in php.ini!
Tue Aug 23 12:05:14 2022 [35282][1][FATAL] failed to find link for cases_contacts_1
Tue Aug 23 12:05:14 2022 [35282][1][FATAL] failed to find link for cases_contacts_2
Tue Aug 23 12:05:15 2022 [35282][1][FATAL] failed to find link for cases_contacts_1
Tue Aug 23 12:05:15 2022 [35282][1][FATAL] failed to find link for cases_contacts_2
Tue Aug 23 12:05:17 2022 [31276][1][FATAL] hook
Tue Aug 23 12:05:17 2022 [45581][1][FATAL] Array
(
    [0] => Sugar Query Result Using API: 
    [1] => Array
        (
            [0] => Array
                (
                    [accountName] => Hassaan,Zafar
                    [emailAddress] => faizansh33@gmail.com
                )

            [1] => Array
                (
                    [accountName] => Shahid Khan,Abdul Salam,Iftikhar
                    [emailAddress] => shakiltalha29@gmail.com
                )

        )

)

Tue Aug 23 12:05:17 2022 [45581][1][FATAL] Array
(
    [0] => Generated SQL: 
    [1] => SELECT GROUP_CONCAT(accounts.name) as accountName, test.email_address as emailAddress FROM accounts INNER JOIN email_addr_bean_rel email_addr_bean_rel ON accounts.id = email_addr_bean_rel.bean_id INNER JOIN email_addresses test ON test.id = email_addr_bean_rel.email_address_id LEFT JOIN accounts_cstm accounts_cstm ON accounts_cstm.id_c = accounts.id WHERE (accounts.industry = ?) AND (accounts.deleted = ?) GROUP BY test.email_address HAVING count(accounts.id) > 1
)

Tue Aug 23 12:06:01 2022 [46698][-none-][FATAL] Configuration variable date.timezone is not set, guessed timezone Asia/Karachi. Please set date.timezone="Asia/Karachi" in php.ini!
Tue Aug 23 12:07:01 2022 [47297][-none-][FATAL] Configuration variable date.timezone is not set, guessed timezone Asia/Karachi. Please set date.timezone="Asia/Karachi" in php.ini!
Tue Aug 23 12:08:01 2022 [47581][-none-][FATAL] Configuration variable date.timezone is not set, guessed timezone Asia/Karachi. Please set date.timezone="Asia/Karachi" in php.ini!
Tue Aug 23 12:09:01 2022 [47893][-none-][FATAL] Configuration variable date.timezone is not set, guessed timezone Asia/Karachi. Please set date.timezone="Asia/Karachi" in php.ini!
Tue Aug 23 12:09:47 2022 [44132][1][FATAL] failed to find link for cases_contacts_1
Tue Aug 23 12:09:47 2022 [44132][1][FATAL] failed to find link for cases_contacts_2
Tue Aug 23 12:09:48 2022 [44132][1][FATAL] failed to find link for cases_contacts_1
Tue Aug 23 12:09:48 2022 [44132][1][FATAL] failed to find link for cases_contacts_2
Tue Aug 23 12:09:49 2022 [45851][1][FATAL] hook
Tue Aug 23 12:09:49 2022 [46476][1][FATAL] Array
(
    [0] => Sugar Query Result Using API: 
    [1] => Array
        (
            [0] => Array
                (
                    [accountName] => Zafar,Hassaan
                    [emailAddress] => faizansh33@gmail.com
                )

            [1] => Array
                (
                    [accountName] => Shahid Khan,Abdul Salam,Iftikhar
                    [emailAddress] => shakiltalha29@gmail.com
                )

        )

)

Tue Aug 23 12:09:49 2022 [46476][1][FATAL] Array
(
    [0] => Generated SQL: 
    [1] => SELECT GROUP_CONCAT(accounts.name) as accountName, test.email_address as emailAddress FROM accounts INNER JOIN email_addr_bean_rel email_addr_bean_rel ON accounts.id = email_addr_bean_rel.bean_id INNER JOIN email_addresses test ON test.id = email_addr_bean_rel.email_address_id LEFT JOIN accounts_cstm accounts_cstm ON accounts_cstm.id_c = accounts.id WHERE (accounts.industry = ?) AND (accounts.deleted = ?) GROUP BY test.email_address HAVING count(accounts.id) > 1
)

Tue Aug 23 12:10:01 2022 [48264][-none-][FATAL] Configuration variable date.timezone is not set, guessed timezone Asia/Karachi. Please set date.timezone="Asia/Karachi" in php.ini!
Tue Aug 23 12:11:01 2022 [48550][-none-][FATAL] Configuration variable date.timezone is not set, guessed timezone Asia/Karachi. Please set date.timezone="Asia/Karachi" in php.ini!
Tue Aug 23 12:11:56 2022 [35282][1][FATAL] failed to find link for cases_contacts_1
Tue Aug 23 12:11:56 2022 [35282][1][FATAL] failed to find link for cases_contacts_2
Tue Aug 23 12:11:57 2022 [35282][1][FATAL] failed to find link for cases_contacts_1
Tue Aug 23 12:11:57 2022 [35282][1][FATAL] failed to find link for cases_contacts_2
Tue Aug 23 12:12:00 2022 [45851][1][FATAL] hook
Tue Aug 23 12:12:00 2022 [35282][1][FATAL] Array
(
    [0] => Sugar Query Result Using API: 
    [1] => Array
        (
            [0] => Array
                (
                    [accountName] => Zafar,Hassaan
                    [emailAddress] => faizansh33@gmail.com
                )

            [1] => Array
                (
                    [accountName] => Iftikhar,Shahid Khan,Abdul Salam
                    [emailAddress] => shakiltalha29@gmail.com
                )

        )

)

Tue Aug 23 12:12:00 2022 [35282][1][FATAL] Array
(
    [0] => Generated SQL: 
    [1] => SELECT GROUP_CONCAT(accounts.name) as accountName, test.email_address as emailAddress FROM accounts INNER JOIN email_addr_bean_rel email_addr_bean_rel ON accounts.id = email_addr_bean_rel.bean_id INNER JOIN email_addresses test ON test.id = email_addr_bean_rel.email_address_id LEFT JOIN accounts_cstm accounts_cstm ON accounts_cstm.id_c = accounts.id WHERE (accounts.industry = ?) AND (accounts.deleted = ?) GROUP BY test.email_address HAVING count(accounts.id) > 1
)

Tue Aug 23 12:12:01 2022 [48853][-none-][FATAL] Configuration variable date.timezone is not set, guessed timezone Asia/Karachi. Please set date.timezone="Asia/Karachi" in php.ini!
Tue Aug 23 12:13:01 2022 [49119][-none-][FATAL] Configuration variable date.timezone is not set, guessed timezone Asia/Karachi. Please set date.timezone="Asia/Karachi" in php.ini!
Tue Aug 23 12:13:34 2022 [48822][1][FATAL] hook
Tue Aug 23 12:13:34 2022 [48193][1][FATAL] Array
(
    [0] => Sugar Query Result Using API: 
    [1] => Array
        (
            [0] => Array
                (
                    [accountName] => Zafar,Hassaan
                    [emailAddress] => faizansh33@gmail.com
                )

            [1] => Array
                (
                    [accountName] => Iftikhar,Shahid Khan,Abdul Salam
                    [emailAddress] => shakiltalha29@gmail.com
                )

        )

)

Tue Aug 23 12:13:34 2022 [48193][1][FATAL] Array
(
    [0] => Generated SQL: 
    [1] => SELECT GROUP_CONCAT(accounts.name) as accountName, test.email_address as emailAddress FROM accounts INNER JOIN email_addr_bean_rel email_addr_bean_rel ON accounts.id = email_addr_bean_rel.bean_id INNER JOIN email_addresses test ON test.id = email_addr_bean_rel.email_address_id LEFT JOIN accounts_cstm accounts_cstm ON accounts_cstm.id_c = accounts.id WHERE (accounts.industry = ?) AND (accounts.deleted = ?) GROUP BY test.email_address HAVING count(accounts.id) > 1
)

Tue Aug 23 12:14:01 2022 [49406][-none-][FATAL] Configuration variable date.timezone is not set, guessed timezone Asia/Karachi. Please set date.timezone="Asia/Karachi" in php.ini!
Tue Aug 23 12:15:13 2022 [49734][-none-][FATAL] Configuration variable date.timezone is not set, guessed timezone Asia/Karachi. Please set date.timezone="Asia/Karachi" in php.ini!
Tue Aug 23 12:15:17 2022 [31276][1][FATAL] failed to find link for cases_contacts_1
Tue Aug 23 12:15:17 2022 [31276][1][FATAL] failed to find link for cases_contacts_2
Tue Aug 23 12:15:18 2022 [31276][1][FATAL] failed to find link for cases_contacts_1
Tue Aug 23 12:15:18 2022 [31276][1][FATAL] failed to find link for cases_contacts_2
Tue Aug 23 12:15:19 2022 [44132][1][FATAL] Array
(
    [0] => Sugar Query Result Using API: 
    [1] => Array
        (
            [0] => Array
                (
                    [accountName] => Zafar,Hassaan
                    [emailAddress] => faizansh33@gmail.com
                )

            [1] => Array
                (
                    [accountName] => Iftikhar,Shahid Khan,Abdul Salam
                    [emailAddress] => shakiltalha29@gmail.com
                )

        )

)

Tue Aug 23 12:15:19 2022 [44132][1][FATAL] Array
(
    [0] => Generated SQL: 
    [1] => SELECT GROUP_CONCAT(accounts.name) as accountName, test.email_address as emailAddress FROM accounts INNER JOIN email_addr_bean_rel email_addr_bean_rel ON accounts.id = email_addr_bean_rel.bean_id INNER JOIN email_addresses test ON test.id = email_addr_bean_rel.email_address_id LEFT JOIN accounts_cstm accounts_cstm ON accounts_cstm.id_c = accounts.id WHERE (accounts.industry = ?) AND (accounts.deleted = ?) GROUP BY test.email_address HAVING count(accounts.id) > 1
)

Tue Aug 23 12:15:19 2022 [44435][1][FATAL] hook
Tue Aug 23 12:15:52 2022 [46231][1][FATAL] failed to find link for cases_contacts_1
Tue Aug 23 12:15:52 2022 [46231][1][FATAL] failed to find link for cases_contacts_2
Tue Aug 23 12:15:53 2022 [46231][1][FATAL] failed to find link for cases_contacts_1
Tue Aug 23 12:15:53 2022 [46231][1][FATAL] failed to find link for cases_contacts_2
Tue Aug 23 12:15:54 2022 [31276][1][FATAL] Array
(
    [0] => Sugar Query Result Using API: 
    [1] => Array
        (
            [0] => Array
                (
                    [accountName] => Zafar,Hassaan
                    [emailAddress] => faizansh33@gmail.com
                )

            [1] => Array
                (
                    [accountName] => Iftikhar,Shahid Khan,Abdul Salam
                    [emailAddress] => shakiltalha29@gmail.com
                )

        )

)

Tue Aug 23 12:15:54 2022 [31276][1][FATAL] Array
(
    [0] => Generated SQL: 
    [1] => SELECT GROUP_CONCAT(accounts.name) as accountName, test.email_address as emailAddress FROM accounts INNER JOIN email_addr_bean_rel email_addr_bean_rel ON accounts.id = email_addr_bean_rel.bean_id INNER JOIN email_addresses test ON test.id = email_addr_bean_rel.email_address_id LEFT JOIN accounts_cstm accounts_cstm ON accounts_cstm.id_c = accounts.id WHERE (accounts.industry = ?) AND (accounts.deleted = ?) GROUP BY test.email_address HAVING count(accounts.id) > 1
)

Tue Aug 23 12:15:54 2022 [49752][1][FATAL] hook
Tue Aug 23 12:16:01 2022 [50025][-none-][FATAL] Configuration variable date.timezone is not set, guessed timezone Asia/Karachi. Please set date.timezone="Asia/Karachi" in php.ini!
Tue Aug 23 12:16:26 2022 [44435][1][FATAL] failed to find link for cases_contacts_1
Tue Aug 23 12:16:26 2022 [44435][1][FATAL] failed to find link for cases_contacts_2
Tue Aug 23 12:16:27 2022 [44435][1][FATAL] failed to find link for cases_contacts_1
Tue Aug 23 12:16:27 2022 [44435][1][FATAL] failed to find link for cases_contacts_2
Tue Aug 23 12:16:28 2022 [49254][1][FATAL] hook
Tue Aug 23 12:16:28 2022 [41623][1][FATAL] Array
(
    [0] => Sugar Query Result Using API: 
    [1] => Array
        (
            [0] => Array
                (
                    [accountName] => Zafar,Hassaan
                    [emailAddress] => faizansh33@gmail.com
                )

            [1] => Array
                (
                    [accountName] => Abdul Salam,Iftikhar,Shahid Khan
                    [emailAddress] => shakiltalha29@gmail.com
                )

        )

)

Tue Aug 23 12:16:28 2022 [41623][1][FATAL] Array
(
    [0] => Generated SQL: 
    [1] => SELECT GROUP_CONCAT(accounts.name) as accountName, test.email_address as emailAddress FROM accounts INNER JOIN email_addr_bean_rel email_addr_bean_rel ON accounts.id = email_addr_bean_rel.bean_id INNER JOIN email_addresses test ON test.id = email_addr_bean_rel.email_address_id LEFT JOIN accounts_cstm accounts_cstm ON accounts_cstm.id_c = accounts.id WHERE (accounts.industry = ?) AND (accounts.deleted = ?) GROUP BY test.email_address HAVING count(accounts.id) > 1
)

Tue Aug 23 12:17:01 2022 [50394][-none-][FATAL] Configuration variable date.timezone is not set, guessed timezone Asia/Karachi. Please set date.timezone="Asia/Karachi" in php.ini!
Tue Aug 23 12:18:08 2022 [50700][-none-][FATAL] Configuration variable date.timezone is not set, guessed timezone Asia/Karachi. Please set date.timezone="Asia/Karachi" in php.ini!
Tue Aug 23 12:19:00 2022 [35282][1][FATAL] failed to find link for cases_contacts_1
Tue Aug 23 12:19:00 2022 [35282][1][FATAL] failed to find link for cases_contacts_2
Tue Aug 23 12:19:01 2022 [35282][1][FATAL] failed to find link for cases_contacts_1
Tue Aug 23 12:19:01 2022 [35282][1][FATAL] failed to find link for cases_contacts_2
Tue Aug 23 12:19:02 2022 [51018][-none-][FATAL] Configuration variable date.timezone is not set, guessed timezone Asia/Karachi. Please set date.timezone="Asia/Karachi" in php.ini!
Tue Aug 23 12:19:08 2022 [50979][1][FATAL] hook
Tue Aug 23 12:20:02 2022 [51316][-none-][FATAL] Configuration variable date.timezone is not set, guessed timezone Asia/Karachi. Please set date.timezone="Asia/Karachi" in php.ini!
Tue Aug 23 12:20:33 2022 [41623][1][FATAL] failed to find link for cases_contacts_1
Tue Aug 23 12:20:33 2022 [41623][1][FATAL] failed to find link for cases_contacts_2
Tue Aug 23 12:20:34 2022 [41623][1][FATAL] failed to find link for cases_contacts_1
Tue Aug 23 12:20:34 2022 [41623][1][FATAL] failed to find link for cases_contacts_2
Tue Aug 23 12:21:01 2022 [51557][-none-][FATAL] Configuration variable date.timezone is not set, guessed timezone Asia/Karachi. Please set date.timezone="Asia/Karachi" in php.ini!
Tue Aug 23 12:21:27 2022 [44435][1][FATAL] hook
Tue Aug 23 12:22:02 2022 [51900][-none-][FATAL] Configuration variable date.timezone is not set, guessed timezone Asia/Karachi. Please set date.timezone="Asia/Karachi" in php.ini!
Tue Aug 23 12:23:01 2022 [52113][-none-][FATAL] Configuration variable date.timezone is not set, guessed timezone Asia/Karachi. Please set date.timezone="Asia/Karachi" in php.ini!
Tue Aug 23 12:24:01 2022 [52379][-none-][FATAL] Configuration variable date.timezone is not set, guessed timezone Asia/Karachi. Please set date.timezone="Asia/Karachi" in php.ini!
Tue Aug 23 12:25:01 2022 [52610][-none-][FATAL] Configuration variable date.timezone is not set, guessed timezone Asia/Karachi. Please set date.timezone="Asia/Karachi" in php.ini!
Tue Aug 23 12:26:01 2022 [52839][-none-][FATAL] Configuration variable date.timezone is not set, guessed timezone Asia/Karachi. Please set date.timezone="Asia/Karachi" in php.ini!
Tue Aug 23 12:27:02 2022 [53085][-none-][FATAL] Configuration variable date.timezone is not set, guessed timezone Asia/Karachi. Please set date.timezone="Asia/Karachi" in php.ini!
Tue Aug 23 12:28:01 2022 [53286][-none-][FATAL] Configuration variable date.timezone is not set, guessed timezone Asia/Karachi. Please set date.timezone="Asia/Karachi" in php.ini!
Tue Aug 23 12:28:10 2022 [41623][1][FATAL] hook
Tue Aug 23 12:28:11 2022 [35282][1][FATAL] hook
Tue Aug 23 12:28:11 2022 [41623][1][FATAL] hook
Tue Aug 23 12:28:11 2022 [13466][1][FATAL] hook
Tue Aug 23 12:28:11 2022 [49254][1][FATAL] hook
Tue Aug 23 12:28:11 2022 [46231][1][FATAL] hook
Tue Aug 23 12:29:01 2022 [53549][-none-][FATAL] Configuration variable date.timezone is not set, guessed timezone Asia/Karachi. Please set date.timezone="Asia/Karachi" in php.ini!
Tue Aug 23 12:30:01 2022 [53776][-none-][FATAL] Configuration variable date.timezone is not set, guessed timezone Asia/Karachi. Please set date.timezone="Asia/Karachi" in php.ini!
Tue Aug 23 12:31:01 2022 [53971][-none-][FATAL] Configuration variable date.timezone is not set, guessed timezone Asia/Karachi. Please set date.timezone="Asia/Karachi" in php.ini!
Tue Aug 23 12:32:01 2022 [54158][-none-][FATAL] Configuration variable date.timezone is not set, guessed timezone Asia/Karachi. Please set date.timezone="Asia/Karachi" in php.ini!
Tue Aug 23 12:33:01 2022 [54447][-none-][FATAL] Configuration variable date.timezone is not set, guessed timezone Asia/Karachi. Please set date.timezone="Asia/Karachi" in php.ini!
Tue Aug 23 12:34:01 2022 [54727][-none-][FATAL] Configuration variable date.timezone is not set, guessed timezone Asia/Karachi. Please set date.timezone="Asia/Karachi" in php.ini!
Tue Aug 23 12:35:02 2022 [54978][-none-][FATAL] Configuration variable date.timezone is not set, guessed timezone Asia/Karachi. Please set date.timezone="Asia/Karachi" in php.ini!
Tue Aug 23 12:36:01 2022 [55232][-none-][FATAL] Configuration variable date.timezone is not set, guessed timezone Asia/Karachi. Please set date.timezone="Asia/Karachi" in php.ini!
Tue Aug 23 12:37:01 2022 [55537][-none-][FATAL] Configuration variable date.timezone is not set, guessed timezone Asia/Karachi. Please set date.timezone="Asia/Karachi" in php.ini!
Tue Aug 23 12:38:01 2022 [55763][-none-][FATAL] Configuration variable date.timezone is not set, guessed timezone Asia/Karachi. Please set date.timezone="Asia/Karachi" in php.ini!
Tue Aug 23 12:39:01 2022 [56039][-none-][FATAL] Configuration variable date.timezone is not set, guessed timezone Asia/Karachi. Please set date.timezone="Asia/Karachi" in php.ini!
Tue Aug 23 12:39:39 2022 [13466][1][FATAL] hook
Tue Aug 23 12:40:02 2022 [56304][-none-][FATAL] Configuration variable date.timezone is not set, guessed timezone Asia/Karachi. Please set date.timezone="Asia/Karachi" in php.ini!
Tue Aug 23 12:41:01 2022 [56653][-none-][FATAL] Configuration variable date.timezone is not set, guessed timezone Asia/Karachi. Please set date.timezone="Asia/Karachi" in php.ini!
Tue Aug 23 12:42:01 2022 [56849][-none-][FATAL] Configuration variable date.timezone is not set, guessed timezone Asia/Karachi. Please set date.timezone="Asia/Karachi" in php.ini!
Tue Aug 23 12:43:01 2022 [57089][-none-][FATAL] Configuration variable date.timezone is not set, guessed timezone Asia/Karachi. Please set date.timezone="Asia/Karachi" in php.ini!
Tue Aug 23 12:44:07 2022 [57392][-none-][FATAL] Configuration variable date.timezone is not set, guessed timezone Asia/Karachi. Please set date.timezone="Asia/Karachi" in php.ini!
Tue Aug 23 12:45:01 2022 [57613][-none-][FATAL] Configuration variable date.timezone is not set, guessed timezone Asia/Karachi. Please set date.timezone="Asia/Karachi" in php.ini!
Tue Aug 23 12:46:01 2022 [57808][-none-][FATAL] Configuration variable date.timezone is not set, guessed timezone Asia/Karachi. Please set date.timezone="Asia/Karachi" in php.ini!
Tue Aug 23 12:47:07 2022 [58007][-none-][FATAL] Configuration variable date.timezone is not set, guessed timezone Asia/Karachi. Please set date.timezone="Asia/Karachi" in php.ini!
Tue Aug 23 12:48:01 2022 [58216][-none-][FATAL] Configuration variable date.timezone is not set, guessed timezone Asia/Karachi. Please set date.timezone="Asia/Karachi" in php.ini!
Tue Aug 23 12:49:01 2022 [58409][-none-][FATAL] Configuration variable date.timezone is not set, guessed timezone Asia/Karachi. Please set date.timezone="Asia/Karachi" in php.ini!
Tue Aug 23 12:50:01 2022 [58671][-none-][FATAL] Configuration variable date.timezone is not set, guessed timezone Asia/Karachi. Please set date.timezone="Asia/Karachi" in php.ini!
Tue Aug 23 12:51:01 2022 [58908][-none-][FATAL] Configuration variable date.timezone is not set, guessed timezone Asia/Karachi. Please set date.timezone="Asia/Karachi" in php.ini!
Tue Aug 23 12:52:01 2022 [59114][-none-][FATAL] Configuration variable date.timezone is not set, guessed timezone Asia/Karachi. Please set date.timezone="Asia/Karachi" in php.ini!
Tue Aug 23 12:53:07 2022 [59331][-none-][FATAL] Configuration variable date.timezone is not set, guessed timezone Asia/Karachi. Please set date.timezone="Asia/Karachi" in php.ini!
Tue Aug 23 12:54:01 2022 [59527][-none-][FATAL] Configuration variable date.timezone is not set, guessed timezone Asia/Karachi. Please set date.timezone="Asia/Karachi" in php.ini!
Tue Aug 23 12:55:01 2022 [59729][-none-][FATAL] Configuration variable date.timezone is not set, guessed timezone Asia/Karachi. Please set date.timezone="Asia/Karachi" in php.ini!
Tue Aug 23 12:56:01 2022 [59934][-none-][FATAL] Configuration variable date.timezone is not set, guessed timezone Asia/Karachi. Please set date.timezone="Asia/Karachi" in php.ini!
Tue Aug 23 12:57:01 2022 [60236][-none-][FATAL] Configuration variable date.timezone is not set, guessed timezone Asia/Karachi. Please set date.timezone="Asia/Karachi" in php.ini!
Tue Aug 23 12:58:01 2022 [60430][-none-][FATAL] Configuration variable date.timezone is not set, guessed timezone Asia/Karachi. Please set date.timezone="Asia/Karachi" in php.ini!
Tue Aug 23 12:59:07 2022 [60655][-none-][FATAL] Configuration variable date.timezone is not set, guessed timezone Asia/Karachi. Please set date.timezone="Asia/Karachi" in php.ini!
Tue Aug 23 13:00:07 2022 [60863][-none-][FATAL] Configuration variable date.timezone is not set, guessed timezone Asia/Karachi. Please set date.timezone="Asia/Karachi" in php.ini!
Tue Aug 23 13:01:07 2022 [61091][-none-][FATAL] Configuration variable date.timezone is not set, guessed timezone Asia/Karachi. Please set date.timezone="Asia/Karachi" in php.ini!
Tue Aug 23 13:02:01 2022 [61344][-none-][FATAL] Configuration variable date.timezone is not set, guessed timezone Asia/Karachi. Please set date.timezone="Asia/Karachi" in php.ini!
Tue Aug 23 13:03:01 2022 [61637][-none-][FATAL] Configuration variable date.timezone is not set, guessed timezone Asia/Karachi. Please set date.timezone="Asia/Karachi" in php.ini!
Tue Aug 23 13:04:01 2022 [61825][-none-][FATAL] Configuration variable date.timezone is not set, guessed timezone Asia/Karachi. Please set date.timezone="Asia/Karachi" in php.ini!
Tue Aug 23 13:05:01 2022 [62017][-none-][FATAL] Configuration variable date.timezone is not set, guessed timezone Asia/Karachi. Please set date.timezone="Asia/Karachi" in php.ini!
Tue Aug 23 13:06:01 2022 [62208][-none-][FATAL] Configuration variable date.timezone is not set, guessed timezone Asia/Karachi. Please set date.timezone="Asia/Karachi" in php.ini!
Tue Aug 23 13:07:02 2022 [62417][-none-][FATAL] Configuration variable date.timezone is not set, guessed timezone Asia/Karachi. Please set date.timezone="Asia/Karachi" in php.ini!
Tue Aug 23 13:08:01 2022 [62609][-none-][FATAL] Configuration variable date.timezone is not set, guessed timezone Asia/Karachi. Please set date.timezone="Asia/Karachi" in php.ini!
Tue Aug 23 13:09:01 2022 [62853][-none-][FATAL] Configuration variable date.timezone is not set, guessed timezone Asia/Karachi. Please set date.timezone="Asia/Karachi" in php.ini!
Tue Aug 23 13:10:01 2022 [63037][-none-][FATAL] Configuration variable date.timezone is not set, guessed timezone Asia/Karachi. Please set date.timezone="Asia/Karachi" in php.ini!
Tue Aug 23 13:11:01 2022 [63225][-none-][FATAL] Configuration variable date.timezone is not set, guessed timezone Asia/Karachi. Please set date.timezone="Asia/Karachi" in php.ini!
Tue Aug 23 13:12:01 2022 [63408][-none-][FATAL] Configuration variable date.timezone is not set, guessed timezone Asia/Karachi. Please set date.timezone="Asia/Karachi" in php.ini!
Tue Aug 23 13:13:01 2022 [63622][-none-][FATAL] Configuration variable date.timezone is not set, guessed timezone Asia/Karachi. Please set date.timezone="Asia/Karachi" in php.ini!
Tue Aug 23 13:14:01 2022 [63818][-none-][FATAL] Configuration variable date.timezone is not set, guessed timezone Asia/Karachi. Please set date.timezone="Asia/Karachi" in php.ini!
Tue Aug 23 13:15:01 2022 [64016][-none-][FATAL] Configuration variable date.timezone is not set, guessed timezone Asia/Karachi. Please set date.timezone="Asia/Karachi" in php.ini!
Tue Aug 23 13:16:01 2022 [64201][-none-][FATAL] Configuration variable date.timezone is not set, guessed timezone Asia/Karachi. Please set date.timezone="Asia/Karachi" in php.ini!
Tue Aug 23 13:17:14 2022 [64557][-none-][FATAL] Configuration variable date.timezone is not set, guessed timezone Asia/Karachi. Please set date.timezone="Asia/Karachi" in php.ini!
Tue Aug 23 13:18:07 2022 [64719][-none-][FATAL] Configuration variable date.timezone is not set, guessed timezone Asia/Karachi. Please set date.timezone="Asia/Karachi" in php.ini!
Tue Aug 23 13:19:02 2022 [64898][-none-][FATAL] Configuration variable date.timezone is not set, guessed timezone Asia/Karachi. Please set date.timezone="Asia/Karachi" in php.ini!
Tue Aug 23 13:20:01 2022 [65086][-none-][FATAL] Configuration variable date.timezone is not set, guessed timezone Asia/Karachi. Please set date.timezone="Asia/Karachi" in php.ini!
Tue Aug 23 13:21:01 2022 [65276][-none-][FATAL] Configuration variable date.timezone is not set, guessed timezone Asia/Karachi. Please set date.timezone="Asia/Karachi" in php.ini!
Tue Aug 23 13:22:01 2022 [65457][-none-][FATAL] Configuration variable date.timezone is not set, guessed timezone Asia/Karachi. Please set date.timezone="Asia/Karachi" in php.ini!
Tue Aug 23 13:23:01 2022 [65646][-none-][FATAL] Configuration variable date.timezone is not set, guessed timezone Asia/Karachi. Please set date.timezone="Asia/Karachi" in php.ini!
Tue Aug 23 13:24:01 2022 [65849][-none-][FATAL] Configuration variable date.timezone is not set, guessed timezone Asia/Karachi. Please set date.timezone="Asia/Karachi" in php.ini!
Tue Aug 23 13:25:01 2022 [66095][-none-][FATAL] Configuration variable date.timezone is not set, guessed timezone Asia/Karachi. Please set date.timezone="Asia/Karachi" in php.ini!
Tue Aug 23 13:26:01 2022 [66311][-none-][FATAL] Configuration variable date.timezone is not set, guessed timezone Asia/Karachi. Please set date.timezone="Asia/Karachi" in php.ini!
Tue Aug 23 13:27:01 2022 [66555][-none-][FATAL] Configuration variable date.timezone is not set, guessed timezone Asia/Karachi. Please set date.timezone="Asia/Karachi" in php.ini!
Tue Aug 23 13:28:07 2022 [66759][-none-][FATAL] Configuration variable date.timezone is not set, guessed timezone Asia/Karachi. Please set date.timezone="Asia/Karachi" in php.ini!
Tue Aug 23 14:52:40 2022 [67437][-none-][FATAL] Configuration variable date.timezone is not set, guessed timezone Asia/Karachi. Please set date.timezone="Asia/Karachi" in php.ini!
Tue Aug 23 14:53:01 2022 [67517][-none-][FATAL] Configuration variable date.timezone is not set, guessed timezone Asia/Karachi. Please set date.timezone="Asia/Karachi" in php.ini!
Tue Aug 23 14:53:02 2022 [67517][1][FATAL] Job runs too frequently, throttled to protect the system.
